2025-03-30 10:39:47,408 [INFO] Activator:176 - 


2025-03-30 10:39:47,414 [INFO] Activator:177 - !SESSION log4j initialized
2025-03-30 10:39:56,110 [INFO] LogOutputStream:77 - [STDOUT_REDIRECT] 
2025-03-30 10:39:58,445 [INFO] ApplicationProperties:184 - Using Application install path: C:\ST\STM32CubeIDE_1.18.0\STM32CubeIDE\plugins\com.st.stm32cube.common.mx_6.14.0.202502271554
2025-03-30 10:39:58,467 [INFO] DbMcusXml:78 - Set database path to: C:\ST\STM32CubeIDE_1.18.0\STM32CubeIDE\plugins\com.st.stm32cube.common.mx_6.14.0.202502271554\\db\/mcu/
2025-03-30 10:39:58,467 [INFO] ApiDb:274 - Set plugin database path to: C:\ST\STM32CubeIDE_1.18.0\STM32CubeIDE\plugins\com.st.stm32cube.common.mx_6.14.0.202502271554\\db\/plugins/boardmanager/
2025-03-30 10:39:58,468 [WARN] ApiDb:259 - Overriding images path with different value:  => C:\ST\STM32CubeIDE_1.18.0\STM32CubeIDE\plugins\com.st.stm32cube.common.mx_6.14.0.202502271554\\db\/plugins/mcufinder/images/
2025-03-30 10:39:58,477 [INFO] ApiDb:250 - Set database path to: C:\Users\MSI-Modern\.stmcufinder\plugins\mcufinder//mcu/
2025-03-30 10:39:58,478 [INFO] DbMcusAds:125 - Set database path to: C:\Users\MSI-Modern\.stmcufinder\plugins\mcufinder//mcu/
2025-03-30 10:39:58,481 [INFO] CrossReferenceDbSqlite:203 - Set database path to: C:\Users\MSI-Modern\.stmcufinder\plugins\mcufinder//mcu/cs/
2025-03-30 10:39:58,648 [INFO] RulesReader:64 - Compatibility file has been processed (301 Rules)
2025-03-30 10:39:58,760 [INFO] DbMcusXml:78 - Set database path to: C:\ST\STM32CubeIDE_1.18.0\STM32CubeIDE\plugins\com.st.stm32cube.common.mx_6.14.0.202502271554\\db\/mcu/
2025-03-30 10:39:58,760 [INFO] ApiDb:274 - Set plugin database path to: C:\ST\STM32CubeIDE_1.18.0\STM32CubeIDE\plugins\com.st.stm32cube.common.mx_6.14.0.202502271554\\db\/plugins/boardmanager/
2025-03-30 10:39:58,760 [INFO] ApiDb:261 - Set plugin images path to: C:\ST\STM32CubeIDE_1.18.0\STM32CubeIDE\plugins\com.st.stm32cube.common.mx_6.14.0.202502271554\\db\/plugins/mcufinder/images/
2025-03-30 10:39:58,761 [WARN] DbFile:41 - Overriding database path with different value: C:\Users\MSI-Modern\.stmcufinder\plugins\mcufinder/ => C:\Users\MSI-Modern\.stmcufinder\plugins\mcufinder
2025-03-30 10:39:58,761 [INFO] ApiDb:250 - Set database path to: C:\Users\MSI-Modern\.stmcufinder\plugins\mcufinder//mcu/
2025-03-30 10:39:58,761 [WARN] DbFile:41 - Overriding database path with different value: C:\Users\MSI-Modern\.stmcufinder\plugins\mcufinder/ => C:\Users\MSI-Modern\.stmcufinder\plugins\mcufinder
2025-03-30 10:39:58,761 [INFO] DbMcusAds:125 - Set database path to: C:\Users\MSI-Modern\.stmcufinder\plugins\mcufinder//mcu/
2025-03-30 10:39:58,761 [WARN] DbFile:41 - Overriding database path with different value: C:\Users\MSI-Modern\.stmcufinder\plugins\mcufinder/ => C:\Users\MSI-Modern\.stmcufinder\plugins\mcufinder
2025-03-30 10:39:58,761 [WARN] DbFile:41 - Overriding database path with different value: C:\Users\MSI-Modern\.stmcufinder\plugins\mcufinder/ => C:\Users\MSI-Modern\.stmcufinder\plugins\mcufinder
2025-03-30 10:39:58,761 [INFO] CrossReferenceDbSqlite:203 - Set database path to: C:\Users\MSI-Modern\.stmcufinder\plugins\mcufinder//mcu/cs/
2025-03-30 10:39:58,848 [INFO] MainPanel:272 - HeapMemory: 268435456
2025-03-30 10:39:58,984 [INFO] DbMcusXml:78 - Set database path to: C:\ST\STM32CubeIDE_1.18.0\STM32CubeIDE\plugins\com.st.stm32cube.common.mx_6.14.0.202502271554\\db\/mcu/
2025-03-30 10:39:58,984 [INFO] ApiDb:274 - Set plugin database path to: C:\ST\STM32CubeIDE_1.18.0\STM32CubeIDE\plugins\com.st.stm32cube.common.mx_6.14.0.202502271554\\db\/plugins/boardmanager/
2025-03-30 10:39:58,984 [INFO] ApiDb:261 - Set plugin images path to: C:\ST\STM32CubeIDE_1.18.0\STM32CubeIDE\plugins\com.st.stm32cube.common.mx_6.14.0.202502271554\\db\/plugins/mcufinder/images/
2025-03-30 10:39:58,984 [WARN] DbFile:41 - Overriding database path with different value: C:\Users\MSI-Modern\.stmcufinder\plugins\mcufinder/ => C:\Users\MSI-Modern\.stmcufinder\plugins\mcufinder
2025-03-30 10:39:58,984 [INFO] ApiDb:250 - Set database path to: C:\Users\MSI-Modern\.stmcufinder\plugins\mcufinder//mcu/
2025-03-30 10:39:58,985 [WARN] DbFile:41 - Overriding database path with different value: C:\Users\MSI-Modern\.stmcufinder\plugins\mcufinder/ => C:\Users\MSI-Modern\.stmcufinder\plugins\mcufinder
2025-03-30 10:39:58,985 [INFO] DbMcusAds:125 - Set database path to: C:\Users\MSI-Modern\.stmcufinder\plugins\mcufinder//mcu/
2025-03-30 10:39:58,985 [WARN] DbFile:41 - Overriding database path with different value: C:\Users\MSI-Modern\.stmcufinder\plugins\mcufinder/ => C:\Users\MSI-Modern\.stmcufinder\plugins\mcufinder
2025-03-30 10:39:58,985 [WARN] DbFile:41 - Overriding database path with different value: C:\Users\MSI-Modern\.stmcufinder\plugins\mcufinder/ => C:\Users\MSI-Modern\.stmcufinder\plugins\mcufinder
2025-03-30 10:39:58,985 [INFO] CrossReferenceDbSqlite:203 - Set database path to: C:\Users\MSI-Modern\.stmcufinder\plugins\mcufinder//mcu/cs/
2025-03-30 10:39:59,004 [INFO] ApplicationProperties:184 - Using Application install path: C:\ST\STM32CubeIDE_1.18.0\STM32CubeIDE\plugins\com.st.stm32cube.common.mx_6.14.0.202502271554
2025-03-30 10:39:59,006 [INFO] PluginManage:196 - Search for loadable plugins [exclusion list=, ]
2025-03-30 10:39:59,007 [INFO] PluginManage:310 - Check plugin analytics
2025-03-30 10:39:59,234 [INFO] AnalyticsPlugin:253 - Accepted Software Licenses: 
2025-03-30 10:39:59,235 [INFO] AnalyticsPlugin:255 - Accepted CMSIS Pack Licenses: 
2025-03-30 10:39:59,235 [INFO] AnalyticsPlugin:257 - Accepted Firmware Licenses: 
2025-03-30 10:39:59,241 [INFO] PluginManage:359 - Loaded plugin analytics (category:tool,tabindex:-1)
2025-03-30 10:39:59,243 [INFO] PluginManage:310 - Check plugin cadmodel
2025-03-30 10:39:59,264 [INFO] CADModel:105 - Init CAD model plugin
2025-03-30 10:39:59,265 [INFO] PluginManage:359 - Loaded plugin cadmodel (category:power,tabindex:5)
2025-03-30 10:39:59,265 [INFO] PluginManage:310 - Check plugin clock
2025-03-30 10:39:59,289 [INFO] PluginManage:359 - Loaded plugin clock (category:base,tabindex:2)
2025-03-30 10:39:59,289 [INFO] PluginManage:310 - Check plugin ddr
2025-03-30 10:39:59,292 [INFO] PluginManage:359 - Loaded plugin ddr (category:tool,tabindex:6)
2025-03-30 10:39:59,293 [INFO] PluginManage:310 - Check plugin filemanager
2025-03-30 10:39:59,462 [INFO] PluginManage:359 - Loaded plugin filemanager (category:base,tabindex:10)
2025-03-30 10:39:59,462 [INFO] PluginManage:310 - Check plugin ipmanager
2025-03-30 10:39:59,468 [INFO] PluginManage:359 - Loaded plugin ipmanager (category:base,tabindex:5)
2025-03-30 10:39:59,468 [INFO] PluginManage:310 - Check plugin lpbam
2025-03-30 10:39:59,490 [INFO] PluginManage:359 - Loaded plugin lpbam (category:base,tabindex:0)
2025-03-30 10:39:59,491 [INFO] PluginManage:310 - Check plugin memorymap
2025-03-30 10:39:59,518 [INFO] PluginManage:359 - Loaded plugin memorymap (category:base,tabindex:4)
2025-03-30 10:39:59,518 [INFO] PluginManage:310 - Check plugin pinoutandconfiguration
2025-03-30 10:39:59,539 [INFO] PluginManage:359 - Loaded plugin pinoutandconfiguration (category:base,tabindex:1)
2025-03-30 10:39:59,540 [INFO] PluginManage:310 - Check plugin pinoutconfig
2025-03-30 10:39:59,633 [WARN] SupportedApi:132 - Cannot load RTOS API schema: s4s-elt-must-match.1: The content of 'definitions' must match (annotation?, (simpleType | complexType)?, (unique | key | keyref)*)). A problem was found starting at: attribute.
2025-03-30 10:39:59,766 [INFO] PluginManage:359 - Loaded plugin pinoutconfig (category:base,tabindex:0)
2025-03-30 10:39:59,766 [INFO] PluginManage:310 - Check plugin power
2025-03-30 10:39:59,796 [INFO] PluginManage:359 - Loaded plugin power (category:power,tabindex:4)
2025-03-30 10:39:59,796 [INFO] PluginManage:310 - Check plugin projectmanager
2025-03-30 10:39:59,813 [INFO] PluginManage:359 - Loaded plugin projectmanager (category:projectmanager,tabindex:4)
2025-03-30 10:39:59,813 [INFO] PluginManage:310 - Check plugin rif
2025-03-30 10:39:59,841 [INFO] PluginManage:359 - Loaded plugin rif (category:base,tabindex:3)
2025-03-30 10:39:59,841 [INFO] PluginManage:310 - Check plugin thirdparty
2025-03-30 10:40:00,223 [WARN] IntegrityCheckThread:84 - waiting for thirdparty lock release [integrity check]
2025-03-30 10:40:00,224 [INFO] IntegrityCheckThread:86 - entering critical section [integrity check]
2025-03-30 10:40:00,224 [INFO] ThirdPartyUpdaterWithRetryManager:70 - Updater plugin not ready yet. [1/15]
2025-03-30 10:40:00,225 [INFO] PluginManage:359 - Loaded plugin thirdparty (category:base,tabindex:-1)
2025-03-30 10:40:00,225 [INFO] PluginManage:310 - Check plugin tools
2025-03-30 10:40:00,270 [INFO] PluginManage:359 - Loaded plugin tools (category:base,tabindex:7)
2025-03-30 10:40:00,270 [INFO] PluginManage:310 - Check plugin tutovideos
2025-03-30 10:40:00,469 [INFO] PluginManage:359 - Loaded plugin tutovideos (category:base,tabindex:-1)
2025-03-30 10:40:00,469 [INFO] PluginManage:310 - Check plugin updater
2025-03-30 10:40:00,497 [INFO] PluginManage:359 - Loaded plugin updater (category:base,tabindex:12)
2025-03-30 10:40:00,498 [INFO] PluginManage:310 - Check plugin userauth
2025-03-30 10:40:00,502 [INFO] UserAuth:118 - Init User Auth plugin
2025-03-30 10:40:00,503 [INFO] PluginManage:359 - Loaded plugin userauth (category:base,tabindex:14)
2025-03-30 10:40:00,504 [INFO] PluginManage:283 - PluginManage : Loaded plugins [18]
2025-03-30 10:40:00,760 [INFO] PinOutPanel:1589 - setPackage(No Configuration,No Configuration)
2025-03-30 10:40:00,902 [INFO] CADModel:165 - CPN selected for project level
2025-03-30 10:40:00,902 [INFO] CADModel:114 - Register for checkConnection events
2025-03-30 10:40:00,957 [INFO] IPUIPlugin:80 - create IPUIPlugin
2025-03-30 10:40:00,957 [INFO] PluginManager:220 - loadIPPluginJar : add adc
2025-03-30 10:40:01,025 [INFO] IPUIPlugin:80 - create IPUIPlugin
2025-03-30 10:40:01,025 [INFO] PluginManager:220 - loadIPPluginJar : add aes
2025-03-30 10:40:01,084 [INFO] IPUIPlugin:80 - create IPUIPlugin
2025-03-30 10:40:01,085 [INFO] PluginManager:220 - loadIPPluginJar : add can
2025-03-30 10:40:01,114 [INFO] IPUIPlugin:80 - create IPUIPlugin
2025-03-30 10:40:01,114 [INFO] PluginManager:220 - loadIPPluginJar : add comp
2025-03-30 10:40:01,162 [INFO] IPUIPlugin:80 - create IPUIPlugin
2025-03-30 10:40:01,162 [INFO] PluginManager:220 - loadIPPluginJar : add cryp
2025-03-30 10:40:01,181 [INFO] IPUIPlugin:80 - create IPUIPlugin
2025-03-30 10:40:01,181 [INFO] PluginManager:220 - loadIPPluginJar : add ddr_ctrl_phy
2025-03-30 10:40:01,226 [INFO] IPUIPlugin:80 - create IPUIPlugin
2025-03-30 10:40:01,226 [INFO] PluginManager:220 - loadIPPluginJar : add dfsdm
2025-03-30 10:40:01,245 [INFO] IPUIPlugin:80 - create IPUIPlugin
2025-03-30 10:40:01,245 [INFO] PluginManager:220 - loadIPPluginJar : add dma
2025-03-30 10:40:01,293 [INFO] IPUIPlugin:80 - create IPUIPlugin
2025-03-30 10:40:01,293 [INFO] PluginManager:220 - loadIPPluginJar : add dma3
2025-03-30 10:40:01,344 [INFO] IPUIPlugin:80 - create IPUIPlugin
2025-03-30 10:40:01,344 [INFO] PluginManager:220 - loadIPPluginJar : add extmemmanager
2025-03-30 10:40:01,369 [INFO] IPUIPlugin:80 - create IPUIPlugin
2025-03-30 10:40:01,369 [INFO] PluginManager:220 - loadIPPluginJar : add fatfs
2025-03-30 10:40:01,440 [INFO] IPUIPlugin:80 - create IPUIPlugin
2025-03-30 10:40:01,440 [INFO] PluginManager:220 - loadIPPluginJar : add fmc
2025-03-30 10:40:01,463 [INFO] IPUIPlugin:80 - create IPUIPlugin
2025-03-30 10:40:01,463 [INFO] PluginManager:220 - loadIPPluginJar : add freertos
2025-03-30 10:40:01,492 [INFO] IPUIPlugin:80 - create IPUIPlugin
2025-03-30 10:40:01,492 [INFO] PluginManager:220 - loadIPPluginJar : add genericplugin
2025-03-30 10:40:01,626 [INFO] IPUIPlugin:80 - create IPUIPlugin
2025-03-30 10:40:01,626 [INFO] PluginManager:220 - loadIPPluginJar : add gfxmmu
2025-03-30 10:40:01,788 [INFO] IPUIPlugin:80 - create IPUIPlugin
2025-03-30 10:40:01,788 [INFO] PluginManager:220 - loadIPPluginJar : add gic
2025-03-30 10:40:01,806 [INFO] IPUIPlugin:80 - create IPUIPlugin
2025-03-30 10:40:01,806 [INFO] PluginManager:220 - loadIPPluginJar : add gpio
2025-03-30 10:40:01,923 [INFO] IPUIPlugin:80 - create IPUIPlugin
2025-03-30 10:40:01,923 [INFO] PluginManager:220 - loadIPPluginJar : add gtzc
2025-03-30 10:40:01,963 [INFO] IPUIPlugin:80 - create IPUIPlugin
2025-03-30 10:40:01,963 [INFO] PluginManager:220 - loadIPPluginJar : add hash
2025-03-30 10:40:02,031 [INFO] IPUIPlugin:80 - create IPUIPlugin
2025-03-30 10:40:02,031 [INFO] PluginManager:220 - loadIPPluginJar : add i2c
2025-03-30 10:40:02,081 [INFO] IPUIPlugin:80 - create IPUIPlugin
2025-03-30 10:40:02,081 [INFO] PluginManager:220 - loadIPPluginJar : add i2s
2025-03-30 10:40:02,135 [INFO] IPUIPlugin:80 - create IPUIPlugin
2025-03-30 10:40:02,135 [INFO] PluginManager:220 - loadIPPluginJar : add i3c
2025-03-30 10:40:02,273 [INFO] IPUIPlugin:80 - create IPUIPlugin
2025-03-30 10:40:02,274 [INFO] PluginManager:220 - loadIPPluginJar : add ipddr
2025-03-30 10:40:02,378 [INFO] IPUIPlugin:80 - create IPUIPlugin
2025-03-30 10:40:02,378 [INFO] PluginManager:220 - loadIPPluginJar : add linkedlist
2025-03-30 10:40:02,420 [INFO] IPUIPlugin:80 - create IPUIPlugin
2025-03-30 10:40:02,420 [INFO] PluginManager:220 - loadIPPluginJar : add lorawan
2025-03-30 10:40:02,465 [INFO] IPUIPlugin:80 - create IPUIPlugin
2025-03-30 10:40:02,465 [INFO] PluginManager:220 - loadIPPluginJar : add ltdc
2025-03-30 10:40:02,482 [INFO] IPUIPlugin:80 - create IPUIPlugin
2025-03-30 10:40:02,482 [INFO] PluginManager:220 - loadIPPluginJar : add mdma
2025-03-30 10:40:02,499 [INFO] IPUIPlugin:80 - create IPUIPlugin
2025-03-30 10:40:02,499 [INFO] PluginManager:220 - loadIPPluginJar : add nvic
2025-03-30 10:40:02,553 [INFO] IPUIPlugin:80 - create IPUIPlugin
2025-03-30 10:40:02,553 [INFO] PluginManager:220 - loadIPPluginJar : add opamp
2025-03-30 10:40:02,647 [INFO] IPUIPlugin:80 - create IPUIPlugin
2025-03-30 10:40:02,648 [INFO] PluginManager:220 - loadIPPluginJar : add openamp
2025-03-30 10:40:02,714 [INFO] IPUIPlugin:80 - create IPUIPlugin
2025-03-30 10:40:02,714 [INFO] PluginManager:220 - loadIPPluginJar : add pdm2pcm
2025-03-30 10:40:02,733 [INFO] IPUIPlugin:80 - create IPUIPlugin
2025-03-30 10:40:02,735 [INFO] PluginManager:220 - loadIPPluginJar : add plateformsettings
2025-03-30 10:40:02,764 [INFO] IPUIPlugin:80 - create IPUIPlugin
2025-03-30 10:40:02,764 [INFO] PluginManager:220 - loadIPPluginJar : add quadspi
2025-03-30 10:40:02,796 [INFO] IPUIPlugin:80 - create IPUIPlugin
2025-03-30 10:40:02,796 [INFO] PluginManager:220 - loadIPPluginJar : add radio
2025-03-30 10:40:02,812 [INFO] IPUIPlugin:80 - create IPUIPlugin
2025-03-30 10:40:02,813 [INFO] PluginManager:220 - loadIPPluginJar : add resmgrutility
2025-03-30 10:40:02,869 [INFO] IPUIPlugin:80 - create IPUIPlugin
2025-03-30 10:40:02,869 [INFO] PluginManager:220 - loadIPPluginJar : add sai
2025-03-30 10:40:02,915 [INFO] IPUIPlugin:80 - create IPUIPlugin
2025-03-30 10:40:02,915 [INFO] PluginManager:220 - loadIPPluginJar : add spi
2025-03-30 10:40:03,009 [INFO] IPUIPlugin:80 - create IPUIPlugin
2025-03-30 10:40:03,009 [INFO] PluginManager:220 - loadIPPluginJar : add stm32_wpan
2025-03-30 10:40:03,039 [INFO] IPUIPlugin:80 - create IPUIPlugin
2025-03-30 10:40:03,039 [INFO] PluginManager:220 - loadIPPluginJar : add tim
2025-03-30 10:40:03,110 [INFO] IPUIPlugin:80 - create IPUIPlugin
2025-03-30 10:40:03,110 [INFO] PluginManager:220 - loadIPPluginJar : add touchsensing
2025-03-30 10:40:03,140 [INFO] IPUIPlugin:80 - create IPUIPlugin
2025-03-30 10:40:03,140 [INFO] PluginManager:220 - loadIPPluginJar : add tracer_emb
2025-03-30 10:40:03,168 [INFO] IPUIPlugin:80 - create IPUIPlugin
2025-03-30 10:40:03,168 [INFO] PluginManager:220 - loadIPPluginJar : add ts
2025-03-30 10:40:03,198 [INFO] IPUIPlugin:80 - create IPUIPlugin
2025-03-30 10:40:03,198 [INFO] PluginManager:220 - loadIPPluginJar : add tsc
2025-03-30 10:40:03,224 [INFO] IPUIPlugin:80 - create IPUIPlugin
2025-03-30 10:40:03,224 [INFO] PluginManager:220 - loadIPPluginJar : add ucpd
2025-03-30 10:40:03,225 [INFO] ThirdPartyUpdaterWithRetryManager:70 - Updater plugin not ready yet. [2/15]
2025-03-30 10:40:03,277 [INFO] IPUIPlugin:80 - create IPUIPlugin
2025-03-30 10:40:03,278 [INFO] PluginManager:220 - loadIPPluginJar : add usart
2025-03-30 10:40:03,351 [INFO] IPUIPlugin:80 - create IPUIPlugin
2025-03-30 10:40:03,351 [INFO] PluginManager:220 - loadIPPluginJar : add usbx
2025-03-30 10:40:03,494 [FATAL] Updater:351 - Updater called before beeing initialized
2025-03-30 10:40:03,530 [INFO] RulesReader:64 - Compatibility file has been processed (301 Rules)
2025-03-30 10:40:03,549 [INFO] RulesReader:64 - Compatibility file has been processed (301 Rules)
2025-03-30 10:40:03,566 [INFO] CADModel:165 - CPN selected for project level
2025-03-30 10:40:03,566 [INFO] CADModel:114 - Register for checkConnection events
2025-03-30 10:40:03,566 [FATAL] Updater:351 - Updater called before beeing initialized
2025-03-30 10:40:03,566 [ERROR] CADModel:125 - Updater not yet initialized, retry later 
2025-03-30 10:40:03,845 [FATAL] Updater:351 - Updater called before beeing initialized
2025-03-30 10:40:03,849 [INFO] CADModel:165 - CPN selected for project level
2025-03-30 10:40:03,849 [INFO] CADModel:114 - Register for checkConnection events
2025-03-30 10:40:03,849 [FATAL] Updater:351 - Updater called before beeing initialized
2025-03-30 10:40:03,849 [ERROR] CADModel:125 - Updater not yet initialized, retry later 
2025-03-30 10:40:03,854 [FATAL] Updater:351 - Updater called before beeing initialized
2025-03-30 10:40:04,012 [FATAL] Updater:351 - Updater called before beeing initialized
2025-03-30 10:40:04,033 [INFO] DbMcusAds:53 - JSON generation date=Thu Mar 06 21:54:21 ICT 2025 (1741272861825)
2025-03-30 10:40:04,034 [FATAL] Updater:351 - Updater called before beeing initialized
2025-03-30 10:40:04,082 [WARN] DetailPanel:346 - Failed to get advertising image, set to default
2025-03-30 10:40:04,521 [FATAL] Updater:351 - Updater called before beeing initialized
2025-03-30 10:40:04,524 [FATAL] Updater:351 - Updater called before beeing initialized
2025-03-30 10:40:04,524 [FATAL] Updater:351 - Updater called before beeing initialized
2025-03-30 10:40:04,524 [WARN] DetailPanel:346 - Failed to get advertising image, set to default
2025-03-30 10:40:04,525 [FATAL] Updater:351 - Updater called before beeing initialized
2025-03-30 10:40:04,609 [ERROR] Updater:1198 - MainUpdater not yet initialized. External WinMGr cannot be set.
2025-03-30 10:40:04,621 [INFO] Updater:1134 - Updater Version found : 6.14.0
2025-03-30 10:40:04,642 [INFO] ApplicationProperties:184 - Using Application install path: C:\ST\STM32CubeIDE_1.18.0\STM32CubeIDE\plugins\com.st.stm32cube.common.mx_6.14.0.202502271554
2025-03-30 10:40:05,144 [INFO] MainUpdater:2872 - connection check result : 10
2025-03-30 10:40:05,145 [INFO] MainUpdater:289 - Updater Check For Update Now.
2025-03-30 10:40:05,145 [INFO] MicroXplorer:498 - Change Database Version : DB.6.0.140
2025-03-30 10:40:05,178 [INFO] McuFinderGlobals:63 - Set McuFinder mode to 2 (CubeIDE integrated)
2025-03-30 10:40:05,179 [INFO] UserAuth:171 - activating auth plugin
2025-03-30 10:40:05,183 [INFO] UserAuth:486 - Internet connection configuration mode: 1
2025-03-30 10:40:05,237 [INFO] JxBrowserEngine:152 - Initiate JxBrowser Engine with user profile folder
2025-03-30 10:40:05,440 [INFO] CheckServerUpdateThread:120 - End of CheckServer Thread
2025-03-30 10:40:06,660 [WARN] PackLoader:240 - Cannot read IP mode file for STMicroelectronics.FP-SNS-MOTENVWB1.1.4.0
2025-03-30 10:40:06,697 [WARN] PackLoader:240 - Cannot read IP mode file for STMicroelectronics.FP-ATR-ASTRA1.2.0.2
2025-03-30 10:40:06,733 [WARN] PackLoader:240 - Cannot read IP mode file for STMicroelectronics.X-CUBE-SMBUS.2.1.0
2025-03-30 10:40:06,786 [WARN] PackLoader:240 - Cannot read IP mode file for STMicroelectronics.X-CUBE-WB05N.1.1.0
2025-03-30 10:40:06,926 [WARN] PackLoader:240 - Cannot read IP mode file for STMicroelectronics.X-CUBE-AZRTOS-F7.1.1.0
2025-03-30 10:40:06,967 [WARN] PackLoader:240 - Cannot read IP mode file for STMicroelectronics.FP-SNS-FLIGHT1.5.0.2
2025-03-30 10:40:07,068 [WARN] PackLoader:240 - Cannot read IP mode file for Infineon.AIROC-Wi-Fi-Bluetooth-STM32.1.7.0
2025-03-30 10:40:07,124 [WARN] PackLoader:240 - Cannot read IP mode file for STMicroelectronics.X-CUBE-DISPLAY.3.0.0
2025-03-30 10:40:07,169 [WARN] PackLoader:240 - Cannot read IP mode file for STMicroelectronics.X-CUBE-BLE1.7.0.0
2025-03-30 10:40:07,209 [WARN] PackLoader:240 - Cannot read IP mode file for STMicroelectronics.X-CUBE-NFC10.1.0.0
2025-03-30 10:40:07,229 [INFO] WebApp:169 - Instantiating new browser for Auth
2025-03-30 10:40:07,267 [WARN] PackLoader:240 - Cannot read IP mode file for STMicroelectronics.X-CUBE-BLEMGR.4.0.0
2025-03-30 10:40:07,311 [WARN] PackLoader:240 - Cannot read IP mode file for emotas.I-CUBE-CANOPEN.1.3.0
2025-03-30 10:40:07,345 [WARN] PackLoader:240 - Cannot read IP mode file for STMicroelectronics.X-CUBE-AI.10.0.0
2025-03-30 10:40:07,378 [WARN] PackLoader:240 - Cannot read IP mode file for STMicroelectronics.FP-SNS-SMARTAG2.1.2.0
2025-03-30 10:40:07,414 [WARN] PackLoader:240 - Cannot read IP mode file for STMicroelectronics.FP-SNS-FLIGHT1.5.1.0
2025-03-30 10:40:07,575 [WARN] PackLoader:240 - Cannot read IP mode file for STMicroelectronics.X-CUBE-MEMS1.11.1.0
2025-03-30 10:40:08,098 [INFO] LogOutputStream:77 - [STDOUT_REDIRECT] 1 : Invalid condition id : UX_CORESTACK_Condition cause : null
2025-03-30 10:40:08,100 [INFO] LogOutputStream:77 - [STDOUT_REDIRECT] 1 : Invalid condition id : UX_CORESTACK_Condition cause : null
2025-03-30 10:40:08,103 [INFO] LogOutputStream:77 - [STDOUT_REDIRECT] 1 : Invalid condition id : UX_CORESTACK_Condition cause : null
2025-03-30 10:40:08,106 [INFO] LogOutputStream:77 - [STDOUT_REDIRECT] 1 : Invalid condition id : UX_CORESTACK_Condition cause : null
2025-03-30 10:40:08,107 [INFO] LogOutputStream:77 - [STDOUT_REDIRECT] 1 : Invalid condition id : UX_CORESTACK_Condition cause : null
2025-03-30 10:40:08,109 [WARN] PackLoader:240 - Cannot read IP mode file for STMicroelectronics.X-CUBE-AZRTOS-WL.2.0.0
2025-03-30 10:40:08,128 [WARN] PackLoader:240 - Cannot read IP mode file for STMicroelectronics.FP-SNS-MOTENV1.5.0.0
2025-03-30 10:40:08,160 [WARN] PackLoader:240 - Cannot read IP mode file for WES.I-CUBE-Cesium.1.3.0
2025-03-30 10:40:08,185 [WARN] PackLoader:240 - Cannot read IP mode file for STMicroelectronics.X-CUBE-BLE2.3.3.0
2025-03-30 10:40:08,215 [WARN] PackLoader:240 - Cannot read IP mode file for STMicroelectronics.X-CUBE-NFC9.1.0.0
2025-03-30 10:40:08,235 [WARN] PackLoader:240 - Cannot read IP mode file for STMicroelectronics.X-CUBE-BLE1.7.1.0
2025-03-30 10:40:08,254 [WARN] PackLoader:240 - Cannot read IP mode file for wolfSSL.I-CUBE-wolfMQTT.1.19.2
2025-03-30 10:40:08,314 [WARN] PackLoader:240 - Cannot read IP mode file for STMicroelectronics.X-CUBE-AZRTOS-G0.1.1.0
2025-03-30 10:40:08,346 [WARN] PackLoader:240 - Cannot read IP mode file for STMicroelectronics.X-CUBE-SAFEA1.1.2.2
2025-03-30 10:40:08,379 [WARN] PackLoader:240 - Cannot read IP mode file for STMicroelectronics.X-CUBE-NFC4.3.0.0
2025-03-30 10:40:08,428 [WARN] PackLoader:240 - Cannot read IP mode file for EmbeddedOffice.I-CUBE-FS-RTOS.1.0.1
2025-03-30 10:40:08,464 [WARN] PackLoader:240 - Cannot read IP mode file for wolfSSL.I-CUBE-wolfTPM.3.8.0
2025-03-30 10:40:08,497 [WARN] PackLoader:240 - Cannot read IP mode file for STMicroelectronics.X-CUBE-TCPP.4.2.0
2025-03-30 10:40:08,530 [WARN] PackLoader:240 - Cannot read IP mode file for RealThread.X-CUBE-RT-Thread_Nano.4.1.1
2025-03-30 10:40:08,587 [WARN] PackLoader:240 - Cannot read IP mode file for STMicroelectronics.FP-ATR-SIGFOX1.3.2.0
2025-03-30 10:40:08,642 [WARN] ConditionMgr:438 - getConditionDescription Invalid condition id : Cortex-A Device cause : null
2025-03-30 10:40:08,697 [WARN] ConditionMgr:1044 - genDependencies : Invalid condition id : Cortex-A Device cause : null
2025-03-30 10:40:08,698 [WARN] ConditionMgr:1044 - genDependencies : Invalid condition id : Cortex-A Device cause : null
2025-03-30 10:40:08,698 [WARN] ConditionMgr:1044 - genDependencies : Invalid condition id : Cortex-A Device cause : null
2025-03-30 10:40:08,739 [WARN] PackLoader:240 - Cannot read IP mode file for STMicroelectronics.X-CUBE-EEPRMA1.5.1.0
2025-03-30 10:40:08,802 [WARN] PackLoader:240 - Cannot read IP mode file for wolfSSL.I-CUBE-wolfSSL.5.7.6
2025-03-30 10:40:08,839 [WARN] PackLoader:240 - Cannot read IP mode file for ITTIA_DB.I-CUBE-ITTIADB.8.9.0
2025-03-30 10:40:08,932 [WARN] PackLoader:240 - Cannot read IP mode file for SEGGER.I-CUBE-embOS.1.3.1
2025-03-30 10:40:09,032 [WARN] PackLoader:240 - Cannot read IP mode file for STMicroelectronics.X-CUBE-ALGOBUILD.1.4.0
2025-03-30 10:40:09,112 [WARN] PackLoader:240 - Cannot read IP mode file for STMicroelectronics.X-CUBE-AZRTOS-F4.1.1.0
2025-03-30 10:40:09,153 [WARN] PackLoader:240 - Cannot read IP mode file for STMicroelectronics.X-CUBE-ISPU.2.1.0
2025-03-30 10:40:09,224 [WARN] PackLoader:240 - Cannot read IP mode file for STMicroelectronics.X-CUBE-AZRTOS-L5.2.0.0
2025-03-30 10:40:09,271 [WARN] PackLoader:240 - Cannot read IP mode file for STMicroelectronics.X-CUBE-NFC6.3.1.0
2025-03-30 10:40:09,309 [WARN] PackLoader:240 - Cannot read IP mode file for STMicroelectronics.X-CUBE-DPower.1.2.0
2025-03-30 10:40:09,342 [WARN] PackLoader:240 - Cannot read IP mode file for STMicroelectronics.X-CUBE-FREERTOS.1.3.0
2025-03-30 10:40:09,378 [WARN] PackLoader:240 - Cannot read IP mode file for STMicroelectronics.X-CUBE-NFC7.1.0.1
2025-03-30 10:40:09,412 [WARN] PackLoader:240 - Cannot read IP mode file for STMicroelectronics.X-CUBE-DPower.1.3.0
2025-03-30 10:40:09,473 [INFO] WebApp:463 - Apply proxy settings
2025-03-30 10:40:09,485 [INFO] WebApp:508 - Chromium authenticates against Manually configured proxy
2025-03-30 10:40:09,492 [WARN] ConditionMgr:438 - getConditionDescription Invalid condition id : LAN8742 Phy interface Condition cause : null
2025-03-30 10:40:09,493 [WARN] PackLoader:240 - Cannot read IP mode file for STMicroelectronics.X-CUBE-AZRTOS-L4.2.0.0
2025-03-30 10:40:09,495 [WARN] ConditionMgr:1044 - genDependencies : Invalid condition id : LAN8742 Phy interface Condition cause : null
2025-03-30 10:40:09,496 [WARN] ConditionMgr:1044 - genDependencies : Invalid condition id : LAN8742 Phy interface Condition cause : null
2025-03-30 10:40:09,497 [WARN] ConditionMgr:1044 - genDependencies : Invalid condition id : LAN8742 Phy interface Condition cause : null
2025-03-30 10:40:09,503 [INFO] WebApp:516 - Username used for proxy authentication: 
2025-03-30 10:40:09,534 [WARN] PackLoader:240 - Cannot read IP mode file for STMicroelectronics.X-CUBE-SFXS2LP1.4.0.0
2025-03-30 10:40:09,619 [WARN] PackLoader:240 - Cannot read IP mode file for STMicroelectronics.X-CUBE-AZRTOS-H7.3.3.0
2025-03-30 10:40:09,622 [INFO] WebApp:894 - Register for checkConnection events
2025-03-30 10:40:09,622 [INFO] WebApp:463 - Apply proxy settings
2025-03-30 10:40:09,630 [INFO] WebApp:508 - Chromium authenticates against Manually configured proxy
2025-03-30 10:40:09,631 [INFO] WebApp:516 - Username used for proxy authentication: 
2025-03-30 10:40:09,702 [WARN] ConditionMgr:438 - getConditionDescription Invalid condition id : UX DEVICE CLASS RTOS Condition cause : null
2025-03-30 10:40:09,702 [WARN] ConditionMgr:438 - getConditionDescription Invalid condition id : UX DEVICE CLASS RTOS Condition cause : null
2025-03-30 10:40:09,705 [WARN] PackLoader:240 - Cannot read IP mode file for STMicroelectronics.X-CUBE-AZRTOS-WB.2.0.0
2025-03-30 10:40:09,706 [WARN] ConditionMgr:1044 - genDependencies : Invalid condition id : UX DEVICE CLASS RTOS Condition cause : null
2025-03-30 10:40:09,706 [WARN] ConditionMgr:1044 - genDependencies : Invalid condition id : UX DEVICE CLASS RTOS Condition cause : null
2025-03-30 10:40:09,707 [WARN] ConditionMgr:1044 - genDependencies : Invalid condition id : UX DEVICE CLASS RTOS Condition cause : null
2025-03-30 10:40:09,707 [WARN] ConditionMgr:1044 - genDependencies : Invalid condition id : UX DEVICE CLASS RTOS Condition cause : null
2025-03-30 10:40:09,707 [WARN] ConditionMgr:1044 - genDependencies : Invalid condition id : UX DEVICE CLASS RTOS Condition cause : null
2025-03-30 10:40:09,736 [WARN] PackLoader:240 - Cannot read IP mode file for STMicroelectronics.X-CUBE-GNSS1.7.0.1
2025-03-30 10:40:09,772 [WARN] PackLoader:240 - Cannot read IP mode file for STMicroelectronics.X-CUBE-TOUCHGFX.4.25.0
2025-03-30 10:40:09,805 [WARN] PackLoader:240 - Cannot read IP mode file for STMicroelectronics.FP-SNS-STBOX1.2.0.0
2025-03-30 10:40:09,890 [WARN] PackLoader:240 - Cannot read IP mode file for STMicroelectronics.X-CUBE-SUBG2.5.0.0
2025-03-30 10:40:09,914 [INFO] WebApp:191 - Connection restablished
2025-03-30 10:40:10,002 [WARN] PackLoader:240 - Cannot read IP mode file for STMicroelectronics.X-CUBE-AZRTOS-H7RS.1.1.0
2025-03-30 10:40:10,050 [WARN] PackLoader:240 - Cannot read IP mode file for Cesanta.I-CUBE-Mongoose.7.13.0
2025-03-30 10:40:10,155 [WARN] PackLoader:240 - Cannot read IP mode file for STMicroelectronics.X-CUBE-AZRTOS-G4.2.0.0
2025-03-30 10:40:10,187 [WARN] PackLoader:240 - Cannot read IP mode file for wolfSSL.I-CUBE-wolfSSH.1.4.20
2025-03-30 10:40:10,234 [WARN] PackLoader:240 - Cannot read IP mode file for STMicroelectronics.X-CUBE-IPS.3.1.0
2025-03-30 10:40:10,272 [WARN] PackLoader:240 - Cannot read IP mode file for STMicroelectronics.X-CUBE-ALS.1.0.2
2025-03-30 10:40:10,301 [WARN] PackLoader:240 - Cannot read IP mode file for STMicroelectronics.X-CUBE-TOUCHGFX.4.24.2
2025-03-30 10:40:10,335 [WARN] PackLoader:240 - Cannot read IP mode file for portGmbH.I-Cube-SoM-uGOAL.1.1.0
2025-03-30 10:40:10,339 [INFO] WebApp:225 - Starting web application
2025-03-30 10:40:10,339 [INFO] WebApp:593 - Web application path used C:\ST\STM32CubeIDE_1.18.0\STM32CubeIDE\plugins\com.st.stm32cube.common.mx_6.14.0.202502271554\db\plugins\mcufinder\reactClient1\index.html
2025-03-30 10:40:10,425 [WARN] PackLoader:240 - Cannot read IP mode file for STMicroelectronics.X-CUBE-AZRTOS-H7RS.1.0.0
2025-03-30 10:40:10,476 [WARN] PackLoader:240 - Cannot read IP mode file for STMicroelectronics.X-CUBE-TOF1.3.4.2
2025-03-30 10:40:10,494 [INFO] ThirdParty:978 - Integrity check success = true
2025-03-30 10:40:10,494 [INFO] IntegrityCheckThread:100 - exiting critical section [integrity check]
2025-03-30 10:40:10,494 [INFO] IntegrityCheckThread:103 - End integrity checks thread
2025-03-30 16:09:55,944 [ERROR] LogOutputStream:75 - [STDERR_REDIRECT] 
2025-03-30 16:48:33,491 [INFO] Activator:176 - 


2025-03-30 16:48:33,496 [INFO] Activator:177 - !SESSION log4j initialized
2025-03-30 16:48:44,013 [INFO] LogOutputStream:77 - [STDOUT_REDIRECT] 
2025-03-30 16:48:46,443 [INFO] ApplicationProperties:184 - Using Application install path: C:\ST\STM32CubeIDE_1.18.0\STM32CubeIDE\plugins\com.st.stm32cube.common.mx_6.14.0.202502271554
2025-03-30 16:48:46,466 [INFO] DbMcusXml:78 - Set database path to: C:\ST\STM32CubeIDE_1.18.0\STM32CubeIDE\plugins\com.st.stm32cube.common.mx_6.14.0.202502271554\\db\/mcu/
2025-03-30 16:48:46,466 [INFO] ApiDb:274 - Set plugin database path to: C:\ST\STM32CubeIDE_1.18.0\STM32CubeIDE\plugins\com.st.stm32cube.common.mx_6.14.0.202502271554\\db\/plugins/boardmanager/
2025-03-30 16:48:46,466 [WARN] ApiDb:259 - Overriding images path with different value:  => C:\ST\STM32CubeIDE_1.18.0\STM32CubeIDE\plugins\com.st.stm32cube.common.mx_6.14.0.202502271554\\db\/plugins/mcufinder/images/
2025-03-30 16:48:46,478 [INFO] ApiDb:250 - Set database path to: C:\Users\MSI-Modern\.stmcufinder\plugins\mcufinder//mcu/
2025-03-30 16:48:46,479 [INFO] DbMcusAds:125 - Set database path to: C:\Users\MSI-Modern\.stmcufinder\plugins\mcufinder//mcu/
2025-03-30 16:48:46,481 [INFO] CrossReferenceDbSqlite:203 - Set database path to: C:\Users\MSI-Modern\.stmcufinder\plugins\mcufinder//mcu/cs/
2025-03-30 16:48:46,657 [INFO] RulesReader:64 - Compatibility file has been processed (301 Rules)
2025-03-30 16:48:46,796 [INFO] DbMcusXml:78 - Set database path to: C:\ST\STM32CubeIDE_1.18.0\STM32CubeIDE\plugins\com.st.stm32cube.common.mx_6.14.0.202502271554\\db\/mcu/
2025-03-30 16:48:46,796 [INFO] ApiDb:274 - Set plugin database path to: C:\ST\STM32CubeIDE_1.18.0\STM32CubeIDE\plugins\com.st.stm32cube.common.mx_6.14.0.202502271554\\db\/plugins/boardmanager/
2025-03-30 16:48:46,796 [INFO] ApiDb:261 - Set plugin images path to: C:\ST\STM32CubeIDE_1.18.0\STM32CubeIDE\plugins\com.st.stm32cube.common.mx_6.14.0.202502271554\\db\/plugins/mcufinder/images/
2025-03-30 16:48:46,797 [WARN] DbFile:41 - Overriding database path with different value: C:\Users\MSI-Modern\.stmcufinder\plugins\mcufinder/ => C:\Users\MSI-Modern\.stmcufinder\plugins\mcufinder
2025-03-30 16:48:46,797 [INFO] ApiDb:250 - Set database path to: C:\Users\MSI-Modern\.stmcufinder\plugins\mcufinder//mcu/
2025-03-30 16:48:46,797 [WARN] DbFile:41 - Overriding database path with different value: C:\Users\MSI-Modern\.stmcufinder\plugins\mcufinder/ => C:\Users\MSI-Modern\.stmcufinder\plugins\mcufinder
2025-03-30 16:48:46,797 [INFO] DbMcusAds:125 - Set database path to: C:\Users\MSI-Modern\.stmcufinder\plugins\mcufinder//mcu/
2025-03-30 16:48:46,797 [WARN] DbFile:41 - Overriding database path with different value: C:\Users\MSI-Modern\.stmcufinder\plugins\mcufinder/ => C:\Users\MSI-Modern\.stmcufinder\plugins\mcufinder
2025-03-30 16:48:46,797 [WARN] DbFile:41 - Overriding database path with different value: C:\Users\MSI-Modern\.stmcufinder\plugins\mcufinder/ => C:\Users\MSI-Modern\.stmcufinder\plugins\mcufinder
2025-03-30 16:48:46,797 [INFO] CrossReferenceDbSqlite:203 - Set database path to: C:\Users\MSI-Modern\.stmcufinder\plugins\mcufinder//mcu/cs/
2025-03-30 16:48:46,910 [INFO] MainPanel:272 - HeapMemory: 268435456
2025-03-30 16:48:47,053 [INFO] DbMcusXml:78 - Set database path to: C:\ST\STM32CubeIDE_1.18.0\STM32CubeIDE\plugins\com.st.stm32cube.common.mx_6.14.0.202502271554\\db\/mcu/
2025-03-30 16:48:47,053 [INFO] ApiDb:274 - Set plugin database path to: C:\ST\STM32CubeIDE_1.18.0\STM32CubeIDE\plugins\com.st.stm32cube.common.mx_6.14.0.202502271554\\db\/plugins/boardmanager/
2025-03-30 16:48:47,054 [INFO] ApiDb:261 - Set plugin images path to: C:\ST\STM32CubeIDE_1.18.0\STM32CubeIDE\plugins\com.st.stm32cube.common.mx_6.14.0.202502271554\\db\/plugins/mcufinder/images/
2025-03-30 16:48:47,054 [WARN] DbFile:41 - Overriding database path with different value: C:\Users\MSI-Modern\.stmcufinder\plugins\mcufinder/ => C:\Users\MSI-Modern\.stmcufinder\plugins\mcufinder
2025-03-30 16:48:47,054 [INFO] ApiDb:250 - Set database path to: C:\Users\MSI-Modern\.stmcufinder\plugins\mcufinder//mcu/
2025-03-30 16:48:47,054 [WARN] DbFile:41 - Overriding database path with different value: C:\Users\MSI-Modern\.stmcufinder\plugins\mcufinder/ => C:\Users\MSI-Modern\.stmcufinder\plugins\mcufinder
2025-03-30 16:48:47,054 [INFO] DbMcusAds:125 - Set database path to: C:\Users\MSI-Modern\.stmcufinder\plugins\mcufinder//mcu/
2025-03-30 16:48:47,054 [WARN] DbFile:41 - Overriding database path with different value: C:\Users\MSI-Modern\.stmcufinder\plugins\mcufinder/ => C:\Users\MSI-Modern\.stmcufinder\plugins\mcufinder
2025-03-30 16:48:47,054 [WARN] DbFile:41 - Overriding database path with different value: C:\Users\MSI-Modern\.stmcufinder\plugins\mcufinder/ => C:\Users\MSI-Modern\.stmcufinder\plugins\mcufinder
2025-03-30 16:48:47,055 [INFO] CrossReferenceDbSqlite:203 - Set database path to: C:\Users\MSI-Modern\.stmcufinder\plugins\mcufinder//mcu/cs/
2025-03-30 16:48:47,083 [INFO] ApplicationProperties:184 - Using Application install path: C:\ST\STM32CubeIDE_1.18.0\STM32CubeIDE\plugins\com.st.stm32cube.common.mx_6.14.0.202502271554
2025-03-30 16:48:47,085 [INFO] PluginManage:196 - Search for loadable plugins [exclusion list=, ]
2025-03-30 16:48:47,086 [INFO] PluginManage:310 - Check plugin analytics
2025-03-30 16:48:47,377 [INFO] AnalyticsPlugin:253 - Accepted Software Licenses: 
2025-03-30 16:48:47,377 [INFO] AnalyticsPlugin:255 - Accepted CMSIS Pack Licenses: 
2025-03-30 16:48:47,379 [INFO] AnalyticsPlugin:257 - Accepted Firmware Licenses: 
2025-03-30 16:48:47,384 [INFO] PluginManage:359 - Loaded plugin analytics (category:tool,tabindex:-1)
2025-03-30 16:48:47,385 [INFO] PluginManage:310 - Check plugin cadmodel
2025-03-30 16:48:47,412 [INFO] CADModel:105 - Init CAD model plugin
2025-03-30 16:48:47,412 [INFO] PluginManage:359 - Loaded plugin cadmodel (category:power,tabindex:5)
2025-03-30 16:48:47,413 [INFO] PluginManage:310 - Check plugin clock
2025-03-30 16:48:47,440 [INFO] PluginManage:359 - Loaded plugin clock (category:base,tabindex:2)
2025-03-30 16:48:47,440 [INFO] PluginManage:310 - Check plugin ddr
2025-03-30 16:48:47,443 [INFO] PluginManage:359 - Loaded plugin ddr (category:tool,tabindex:6)
2025-03-30 16:48:47,443 [INFO] PluginManage:310 - Check plugin filemanager
2025-03-30 16:48:47,624 [INFO] PluginManage:359 - Loaded plugin filemanager (category:base,tabindex:10)
2025-03-30 16:48:47,624 [INFO] PluginManage:310 - Check plugin ipmanager
2025-03-30 16:48:47,638 [INFO] PluginManage:359 - Loaded plugin ipmanager (category:base,tabindex:5)
2025-03-30 16:48:47,640 [INFO] PluginManage:310 - Check plugin lpbam
2025-03-30 16:48:47,680 [INFO] PluginManage:359 - Loaded plugin lpbam (category:base,tabindex:0)
2025-03-30 16:48:47,681 [INFO] PluginManage:310 - Check plugin memorymap
2025-03-30 16:48:47,748 [INFO] PluginManage:359 - Loaded plugin memorymap (category:base,tabindex:4)
2025-03-30 16:48:47,748 [INFO] PluginManage:310 - Check plugin pinoutandconfiguration
2025-03-30 16:48:47,809 [INFO] PluginManage:359 - Loaded plugin pinoutandconfiguration (category:base,tabindex:1)
2025-03-30 16:48:47,809 [INFO] PluginManage:310 - Check plugin pinoutconfig
2025-03-30 16:48:48,079 [WARN] SupportedApi:132 - Cannot load RTOS API schema: s4s-elt-must-match.1: The content of 'definitions' must match (annotation?, (simpleType | complexType)?, (unique | key | keyref)*)). A problem was found starting at: attribute.
2025-03-30 16:48:48,461 [INFO] PluginManage:359 - Loaded plugin pinoutconfig (category:base,tabindex:0)
2025-03-30 16:48:48,462 [INFO] PluginManage:310 - Check plugin power
2025-03-30 16:48:48,532 [INFO] PluginManage:359 - Loaded plugin power (category:power,tabindex:4)
2025-03-30 16:48:48,532 [INFO] PluginManage:310 - Check plugin projectmanager
2025-03-30 16:48:48,569 [INFO] PluginManage:359 - Loaded plugin projectmanager (category:projectmanager,tabindex:4)
2025-03-30 16:48:48,569 [INFO] PluginManage:310 - Check plugin rif
2025-03-30 16:48:48,646 [INFO] PluginManage:359 - Loaded plugin rif (category:base,tabindex:3)
2025-03-30 16:48:48,647 [INFO] PluginManage:310 - Check plugin thirdparty
2025-03-30 16:48:49,270 [INFO] PluginManage:359 - Loaded plugin thirdparty (category:base,tabindex:-1)
2025-03-30 16:48:49,270 [INFO] PluginManage:310 - Check plugin tools
2025-03-30 16:48:49,276 [WARN] IntegrityCheckThread:84 - waiting for thirdparty lock release [integrity check]
2025-03-30 16:48:49,277 [INFO] IntegrityCheckThread:86 - entering critical section [integrity check]
2025-03-30 16:48:49,278 [INFO] ThirdPartyUpdaterWithRetryManager:70 - Updater plugin not ready yet. [1/15]
2025-03-30 16:48:49,285 [INFO] PluginManage:359 - Loaded plugin tools (category:base,tabindex:7)
2025-03-30 16:48:49,286 [INFO] PluginManage:310 - Check plugin tutovideos
2025-03-30 16:48:49,877 [INFO] PluginManage:359 - Loaded plugin tutovideos (category:base,tabindex:-1)
2025-03-30 16:48:49,877 [INFO] PluginManage:310 - Check plugin updater
2025-03-30 16:48:49,924 [INFO] PluginManage:359 - Loaded plugin updater (category:base,tabindex:12)
2025-03-30 16:48:49,924 [INFO] PluginManage:310 - Check plugin userauth
2025-03-30 16:48:49,935 [INFO] UserAuth:118 - Init User Auth plugin
2025-03-30 16:48:49,936 [INFO] PluginManage:359 - Loaded plugin userauth (category:base,tabindex:14)
2025-03-30 16:48:49,937 [INFO] PluginManage:283 - PluginManage : Loaded plugins [18]
2025-03-30 16:48:50,576 [INFO] PinOutPanel:1589 - setPackage(No Configuration,No Configuration)
2025-03-30 16:48:50,802 [INFO] CADModel:165 - CPN selected for project level
2025-03-30 16:48:50,803 [INFO] CADModel:114 - Register for checkConnection events
2025-03-30 16:48:50,858 [INFO] IPUIPlugin:80 - create IPUIPlugin
2025-03-30 16:48:50,858 [INFO] PluginManager:220 - loadIPPluginJar : add adc
2025-03-30 16:48:50,964 [INFO] IPUIPlugin:80 - create IPUIPlugin
2025-03-30 16:48:50,964 [INFO] PluginManager:220 - loadIPPluginJar : add aes
2025-03-30 16:48:51,101 [INFO] IPUIPlugin:80 - create IPUIPlugin
2025-03-30 16:48:51,102 [INFO] PluginManager:220 - loadIPPluginJar : add can
2025-03-30 16:48:51,110 [INFO] IPUIPlugin:80 - create IPUIPlugin
2025-03-30 16:48:51,110 [INFO] PluginManager:220 - loadIPPluginJar : add comp
2025-03-30 16:48:51,222 [INFO] IPUIPlugin:80 - create IPUIPlugin
2025-03-30 16:48:51,222 [INFO] PluginManager:220 - loadIPPluginJar : add cryp
2025-03-30 16:48:51,264 [INFO] IPUIPlugin:80 - create IPUIPlugin
2025-03-30 16:48:51,264 [INFO] PluginManager:220 - loadIPPluginJar : add ddr_ctrl_phy
2025-03-30 16:48:51,269 [INFO] IPUIPlugin:80 - create IPUIPlugin
2025-03-30 16:48:51,269 [INFO] PluginManager:220 - loadIPPluginJar : add dfsdm
2025-03-30 16:48:51,297 [INFO] IPUIPlugin:80 - create IPUIPlugin
2025-03-30 16:48:51,298 [INFO] PluginManager:220 - loadIPPluginJar : add dma
2025-03-30 16:48:51,379 [INFO] IPUIPlugin:80 - create IPUIPlugin
2025-03-30 16:48:51,380 [INFO] PluginManager:220 - loadIPPluginJar : add dma3
2025-03-30 16:48:51,524 [INFO] IPUIPlugin:80 - create IPUIPlugin
2025-03-30 16:48:51,525 [INFO] PluginManager:220 - loadIPPluginJar : add extmemmanager
2025-03-30 16:48:51,530 [INFO] IPUIPlugin:80 - create IPUIPlugin
2025-03-30 16:48:51,531 [INFO] PluginManager:220 - loadIPPluginJar : add fatfs
2025-03-30 16:48:51,690 [INFO] IPUIPlugin:80 - create IPUIPlugin
2025-03-30 16:48:51,690 [INFO] PluginManager:220 - loadIPPluginJar : add fmc
2025-03-30 16:48:51,729 [INFO] IPUIPlugin:80 - create IPUIPlugin
2025-03-30 16:48:51,729 [INFO] PluginManager:220 - loadIPPluginJar : add freertos
2025-03-30 16:48:51,733 [INFO] IPUIPlugin:80 - create IPUIPlugin
2025-03-30 16:48:51,733 [INFO] PluginManager:220 - loadIPPluginJar : add genericplugin
2025-03-30 16:48:52,050 [INFO] IPUIPlugin:80 - create IPUIPlugin
2025-03-30 16:48:52,050 [INFO] PluginManager:220 - loadIPPluginJar : add gfxmmu
2025-03-30 16:48:52,280 [INFO] ThirdPartyUpdaterWithRetryManager:70 - Updater plugin not ready yet. [2/15]
2025-03-30 16:48:52,553 [INFO] IPUIPlugin:80 - create IPUIPlugin
2025-03-30 16:48:52,553 [INFO] PluginManager:220 - loadIPPluginJar : add gic
2025-03-30 16:48:52,606 [INFO] IPUIPlugin:80 - create IPUIPlugin
2025-03-30 16:48:52,607 [INFO] PluginManager:220 - loadIPPluginJar : add gpio
2025-03-30 16:48:52,880 [INFO] IPUIPlugin:80 - create IPUIPlugin
2025-03-30 16:48:52,880 [INFO] PluginManager:220 - loadIPPluginJar : add gtzc
2025-03-30 16:48:52,950 [INFO] IPUIPlugin:80 - create IPUIPlugin
2025-03-30 16:48:52,950 [INFO] PluginManager:220 - loadIPPluginJar : add hash
2025-03-30 16:48:53,064 [INFO] IPUIPlugin:80 - create IPUIPlugin
2025-03-30 16:48:53,064 [INFO] PluginManager:220 - loadIPPluginJar : add i2c
2025-03-30 16:48:53,136 [INFO] IPUIPlugin:80 - create IPUIPlugin
2025-03-30 16:48:53,136 [INFO] PluginManager:220 - loadIPPluginJar : add i2s
2025-03-30 16:48:53,265 [INFO] IPUIPlugin:80 - create IPUIPlugin
2025-03-30 16:48:53,265 [INFO] PluginManager:220 - loadIPPluginJar : add i3c
2025-03-30 16:48:53,448 [INFO] IPUIPlugin:80 - create IPUIPlugin
2025-03-30 16:48:53,448 [INFO] PluginManager:220 - loadIPPluginJar : add ipddr
2025-03-30 16:48:53,615 [INFO] IPUIPlugin:80 - create IPUIPlugin
2025-03-30 16:48:53,615 [INFO] PluginManager:220 - loadIPPluginJar : add linkedlist
2025-03-30 16:48:53,681 [INFO] IPUIPlugin:80 - create IPUIPlugin
2025-03-30 16:48:53,682 [INFO] PluginManager:220 - loadIPPluginJar : add lorawan
2025-03-30 16:48:53,741 [INFO] IPUIPlugin:80 - create IPUIPlugin
2025-03-30 16:48:53,741 [INFO] PluginManager:220 - loadIPPluginJar : add ltdc
2025-03-30 16:48:53,765 [INFO] IPUIPlugin:80 - create IPUIPlugin
2025-03-30 16:48:53,765 [INFO] PluginManager:220 - loadIPPluginJar : add mdma
2025-03-30 16:48:53,832 [INFO] IPUIPlugin:80 - create IPUIPlugin
2025-03-30 16:48:53,832 [INFO] PluginManager:220 - loadIPPluginJar : add nvic
2025-03-30 16:48:53,995 [INFO] IPUIPlugin:80 - create IPUIPlugin
2025-03-30 16:48:53,996 [INFO] PluginManager:220 - loadIPPluginJar : add opamp
2025-03-30 16:48:54,176 [INFO] IPUIPlugin:80 - create IPUIPlugin
2025-03-30 16:48:54,176 [INFO] PluginManager:220 - loadIPPluginJar : add openamp
2025-03-30 16:48:54,261 [INFO] IPUIPlugin:80 - create IPUIPlugin
2025-03-30 16:48:54,262 [INFO] PluginManager:220 - loadIPPluginJar : add pdm2pcm
2025-03-30 16:48:54,314 [INFO] IPUIPlugin:80 - create IPUIPlugin
2025-03-30 16:48:54,320 [INFO] PluginManager:220 - loadIPPluginJar : add plateformsettings
2025-03-30 16:48:54,328 [INFO] IPUIPlugin:80 - create IPUIPlugin
2025-03-30 16:48:54,328 [INFO] PluginManager:220 - loadIPPluginJar : add quadspi
2025-03-30 16:48:54,337 [INFO] IPUIPlugin:80 - create IPUIPlugin
2025-03-30 16:48:54,339 [INFO] PluginManager:220 - loadIPPluginJar : add radio
2025-03-30 16:48:54,379 [INFO] IPUIPlugin:80 - create IPUIPlugin
2025-03-30 16:48:54,379 [INFO] PluginManager:220 - loadIPPluginJar : add resmgrutility
2025-03-30 16:48:54,462 [INFO] IPUIPlugin:80 - create IPUIPlugin
2025-03-30 16:48:54,462 [INFO] PluginManager:220 - loadIPPluginJar : add sai
2025-03-30 16:48:54,528 [INFO] IPUIPlugin:80 - create IPUIPlugin
2025-03-30 16:48:54,528 [INFO] PluginManager:220 - loadIPPluginJar : add spi
2025-03-30 16:48:54,665 [INFO] IPUIPlugin:80 - create IPUIPlugin
2025-03-30 16:48:54,665 [INFO] PluginManager:220 - loadIPPluginJar : add stm32_wpan
2025-03-30 16:48:54,668 [INFO] IPUIPlugin:80 - create IPUIPlugin
2025-03-30 16:48:54,668 [INFO] PluginManager:220 - loadIPPluginJar : add tim
2025-03-30 16:48:54,762 [INFO] IPUIPlugin:80 - create IPUIPlugin
2025-03-30 16:48:54,762 [INFO] PluginManager:220 - loadIPPluginJar : add touchsensing
2025-03-30 16:48:54,766 [INFO] IPUIPlugin:80 - create IPUIPlugin
2025-03-30 16:48:54,766 [INFO] PluginManager:220 - loadIPPluginJar : add tracer_emb
2025-03-30 16:48:54,807 [INFO] IPUIPlugin:80 - create IPUIPlugin
2025-03-30 16:48:54,807 [INFO] PluginManager:220 - loadIPPluginJar : add ts
2025-03-30 16:48:54,850 [INFO] IPUIPlugin:80 - create IPUIPlugin
2025-03-30 16:48:54,850 [INFO] PluginManager:220 - loadIPPluginJar : add tsc
2025-03-30 16:48:54,854 [INFO] IPUIPlugin:80 - create IPUIPlugin
2025-03-30 16:48:54,855 [INFO] PluginManager:220 - loadIPPluginJar : add ucpd
2025-03-30 16:48:54,927 [INFO] IPUIPlugin:80 - create IPUIPlugin
2025-03-30 16:48:54,927 [INFO] PluginManager:220 - loadIPPluginJar : add usart
2025-03-30 16:48:55,002 [INFO] IPUIPlugin:80 - create IPUIPlugin
2025-03-30 16:48:55,002 [INFO] PluginManager:220 - loadIPPluginJar : add usbx
2025-03-30 16:48:55,150 [FATAL] Updater:351 - Updater called before beeing initialized
2025-03-30 16:48:55,186 [INFO] RulesReader:64 - Compatibility file has been processed (301 Rules)
2025-03-30 16:48:55,205 [INFO] RulesReader:64 - Compatibility file has been processed (301 Rules)
2025-03-30 16:48:55,225 [INFO] CADModel:165 - CPN selected for project level
2025-03-30 16:48:55,225 [INFO] CADModel:114 - Register for checkConnection events
2025-03-30 16:48:55,225 [FATAL] Updater:351 - Updater called before beeing initialized
2025-03-30 16:48:55,225 [ERROR] CADModel:125 - Updater not yet initialized, retry later 
2025-03-30 16:48:55,281 [INFO] ThirdPartyUpdaterWithRetryManager:70 - Updater plugin not ready yet. [3/15]
2025-03-30 16:48:55,518 [FATAL] Updater:351 - Updater called before beeing initialized
2025-03-30 16:48:55,522 [INFO] CADModel:165 - CPN selected for project level
2025-03-30 16:48:55,523 [INFO] CADModel:114 - Register for checkConnection events
2025-03-30 16:48:55,523 [FATAL] Updater:351 - Updater called before beeing initialized
2025-03-30 16:48:55,523 [ERROR] CADModel:125 - Updater not yet initialized, retry later 
2025-03-30 16:48:55,531 [FATAL] Updater:351 - Updater called before beeing initialized
2025-03-30 16:48:55,778 [FATAL] Updater:351 - Updater called before beeing initialized
2025-03-30 16:48:55,786 [INFO] DbMcusAds:53 - JSON generation date=Thu Mar 06 21:54:21 ICT 2025 (1741272861825)
2025-03-30 16:48:55,786 [FATAL] Updater:351 - Updater called before beeing initialized
2025-03-30 16:48:55,838 [WARN] DetailPanel:346 - Failed to get advertising image, set to default
2025-03-30 16:48:56,156 [FATAL] Updater:351 - Updater called before beeing initialized
2025-03-30 16:48:56,158 [FATAL] Updater:351 - Updater called before beeing initialized
2025-03-30 16:48:56,158 [FATAL] Updater:351 - Updater called before beeing initialized
2025-03-30 16:48:56,158 [WARN] DetailPanel:346 - Failed to get advertising image, set to default
2025-03-30 16:48:56,159 [FATAL] Updater:351 - Updater called before beeing initialized
2025-03-30 16:48:56,228 [ERROR] Updater:1198 - MainUpdater not yet initialized. External WinMGr cannot be set.
2025-03-30 16:48:56,241 [INFO] Updater:1134 - Updater Version found : 6.14.0
2025-03-30 16:48:56,264 [INFO] ApplicationProperties:184 - Using Application install path: C:\ST\STM32CubeIDE_1.18.0\STM32CubeIDE\plugins\com.st.stm32cube.common.mx_6.14.0.202502271554
2025-03-30 16:48:56,877 [INFO] MainUpdater:2872 - connection check result : 10
2025-03-30 16:48:56,878 [INFO] MainUpdater:289 - Updater Check For Update Now.
2025-03-30 16:48:56,878 [INFO] MicroXplorer:498 - Change Database Version : DB.6.0.140
2025-03-30 16:48:56,916 [INFO] McuFinderGlobals:63 - Set McuFinder mode to 2 (CubeIDE integrated)
2025-03-30 16:48:56,917 [INFO] UserAuth:171 - activating auth plugin
2025-03-30 16:48:56,923 [INFO] UserAuth:486 - Internet connection configuration mode: 1
2025-03-30 16:48:56,974 [INFO] JxBrowserEngine:152 - Initiate JxBrowser Engine with user profile folder
2025-03-30 16:48:57,202 [INFO] CheckServerUpdateThread:120 - End of CheckServer Thread
2025-03-30 16:48:58,927 [INFO] WebApp:169 - Instantiating new browser for Auth
2025-03-30 16:48:58,954 [WARN] PackLoader:240 - Cannot read IP mode file for STMicroelectronics.FP-SNS-MOTENVWB1.1.4.0
2025-03-30 16:48:59,004 [WARN] PackLoader:240 - Cannot read IP mode file for STMicroelectronics.FP-ATR-ASTRA1.2.0.2
2025-03-30 16:48:59,175 [WARN] PackLoader:240 - Cannot read IP mode file for STMicroelectronics.X-CUBE-SMBUS.2.1.0
2025-03-30 16:48:59,235 [WARN] PackLoader:240 - Cannot read IP mode file for STMicroelectronics.X-CUBE-WB05N.1.1.0
2025-03-30 16:48:59,365 [WARN] PackLoader:240 - Cannot read IP mode file for STMicroelectronics.X-CUBE-AZRTOS-F7.1.1.0
2025-03-30 16:48:59,388 [WARN] PackLoader:240 - Cannot read IP mode file for STMicroelectronics.FP-SNS-FLIGHT1.5.0.2
2025-03-30 16:48:59,508 [WARN] PackLoader:240 - Cannot read IP mode file for Infineon.AIROC-Wi-Fi-Bluetooth-STM32.1.7.0
2025-03-30 16:48:59,570 [WARN] PackLoader:240 - Cannot read IP mode file for STMicroelectronics.X-CUBE-DISPLAY.3.0.0
2025-03-30 16:48:59,606 [WARN] PackLoader:240 - Cannot read IP mode file for STMicroelectronics.X-CUBE-BLE1.7.0.0
2025-03-30 16:48:59,641 [WARN] PackLoader:240 - Cannot read IP mode file for STMicroelectronics.X-CUBE-NFC10.1.0.0
2025-03-30 16:48:59,696 [WARN] PackLoader:240 - Cannot read IP mode file for STMicroelectronics.X-CUBE-BLEMGR.4.0.0
2025-03-30 16:48:59,764 [WARN] PackLoader:240 - Cannot read IP mode file for emotas.I-CUBE-CANOPEN.1.3.0
2025-03-30 16:48:59,808 [WARN] PackLoader:240 - Cannot read IP mode file for STMicroelectronics.X-CUBE-AI.10.0.0
2025-03-30 16:48:59,846 [WARN] PackLoader:240 - Cannot read IP mode file for STMicroelectronics.FP-SNS-SMARTAG2.1.2.0
2025-03-30 16:48:59,864 [WARN] PackLoader:240 - Cannot read IP mode file for STMicroelectronics.FP-SNS-FLIGHT1.5.1.0
2025-03-30 16:49:00,079 [WARN] PackLoader:240 - Cannot read IP mode file for STMicroelectronics.X-CUBE-MEMS1.11.1.0
2025-03-30 16:49:00,533 [INFO] LogOutputStream:77 - [STDOUT_REDIRECT] 1 : Invalid condition id : UX_CORESTACK_Condition cause : null
2025-03-30 16:49:00,534 [INFO] LogOutputStream:77 - [STDOUT_REDIRECT] 1 : Invalid condition id : UX_CORESTACK_Condition cause : null
2025-03-30 16:49:00,537 [INFO] LogOutputStream:77 - [STDOUT_REDIRECT] 1 : Invalid condition id : UX_CORESTACK_Condition cause : null
2025-03-30 16:49:00,539 [INFO] LogOutputStream:77 - [STDOUT_REDIRECT] 1 : Invalid condition id : UX_CORESTACK_Condition cause : null
2025-03-30 16:49:00,542 [INFO] LogOutputStream:77 - [STDOUT_REDIRECT] 1 : Invalid condition id : UX_CORESTACK_Condition cause : null
2025-03-30 16:49:00,548 [WARN] PackLoader:240 - Cannot read IP mode file for STMicroelectronics.X-CUBE-AZRTOS-WL.2.0.0
2025-03-30 16:49:00,597 [WARN] PackLoader:240 - Cannot read IP mode file for STMicroelectronics.FP-SNS-MOTENV1.5.0.0
2025-03-30 16:49:00,649 [WARN] PackLoader:240 - Cannot read IP mode file for WES.I-CUBE-Cesium.1.3.0
2025-03-30 16:49:00,693 [WARN] PackLoader:240 - Cannot read IP mode file for STMicroelectronics.X-CUBE-BLE2.3.3.0
2025-03-30 16:49:00,734 [WARN] PackLoader:240 - Cannot read IP mode file for STMicroelectronics.X-CUBE-NFC9.1.0.0
2025-03-30 16:49:00,773 [WARN] PackLoader:240 - Cannot read IP mode file for STMicroelectronics.X-CUBE-BLE1.7.1.0
2025-03-30 16:49:00,804 [WARN] PackLoader:240 - Cannot read IP mode file for wolfSSL.I-CUBE-wolfMQTT.1.19.2
2025-03-30 16:49:00,874 [WARN] PackLoader:240 - Cannot read IP mode file for STMicroelectronics.X-CUBE-AZRTOS-G0.1.1.0
2025-03-30 16:49:00,931 [WARN] PackLoader:240 - Cannot read IP mode file for STMicroelectronics.X-CUBE-SAFEA1.1.2.2
2025-03-30 16:49:00,975 [WARN] PackLoader:240 - Cannot read IP mode file for STMicroelectronics.X-CUBE-NFC4.3.0.0
2025-03-30 16:49:01,026 [WARN] PackLoader:240 - Cannot read IP mode file for EmbeddedOffice.I-CUBE-FS-RTOS.1.0.1
2025-03-30 16:49:01,038 [WARN] PackLoader:240 - Cannot read IP mode file for wolfSSL.I-CUBE-wolfTPM.3.8.0
2025-03-30 16:49:01,121 [WARN] PackLoader:240 - Cannot read IP mode file for STMicroelectronics.X-CUBE-TCPP.4.2.0
2025-03-30 16:49:01,163 [WARN] PackLoader:240 - Cannot read IP mode file for RealThread.X-CUBE-RT-Thread_Nano.4.1.1
2025-03-30 16:49:01,175 [WARN] PackLoader:240 - Cannot read IP mode file for STMicroelectronics.FP-ATR-SIGFOX1.3.2.0
2025-03-30 16:49:01,214 [WARN] ConditionMgr:438 - getConditionDescription Invalid condition id : Cortex-A Device cause : null
2025-03-30 16:49:01,241 [WARN] ConditionMgr:1044 - genDependencies : Invalid condition id : Cortex-A Device cause : null
2025-03-30 16:49:01,242 [WARN] ConditionMgr:1044 - genDependencies : Invalid condition id : Cortex-A Device cause : null
2025-03-30 16:49:01,242 [WARN] ConditionMgr:1044 - genDependencies : Invalid condition id : Cortex-A Device cause : null
2025-03-30 16:49:01,289 [WARN] PackLoader:240 - Cannot read IP mode file for STMicroelectronics.X-CUBE-EEPRMA1.5.1.0
2025-03-30 16:49:01,354 [WARN] PackLoader:240 - Cannot read IP mode file for wolfSSL.I-CUBE-wolfSSL.5.7.6
2025-03-30 16:49:01,400 [WARN] PackLoader:240 - Cannot read IP mode file for ITTIA_DB.I-CUBE-ITTIADB.8.9.0
2025-03-30 16:49:01,497 [WARN] PackLoader:240 - Cannot read IP mode file for SEGGER.I-CUBE-embOS.1.3.1
2025-03-30 16:49:01,612 [WARN] PackLoader:240 - Cannot read IP mode file for STMicroelectronics.X-CUBE-ALGOBUILD.1.4.0
2025-03-30 16:49:01,690 [WARN] PackLoader:240 - Cannot read IP mode file for STMicroelectronics.X-CUBE-AZRTOS-F4.1.1.0
2025-03-30 16:49:01,736 [WARN] PackLoader:240 - Cannot read IP mode file for STMicroelectronics.X-CUBE-ISPU.2.1.0
2025-03-30 16:49:01,756 [INFO] WebApp:463 - Apply proxy settings
2025-03-30 16:49:01,769 [INFO] WebApp:508 - Chromium authenticates against Manually configured proxy
2025-03-30 16:49:01,793 [INFO] WebApp:516 - Username used for proxy authentication: 
2025-03-30 16:49:01,818 [WARN] PackLoader:240 - Cannot read IP mode file for STMicroelectronics.X-CUBE-AZRTOS-L5.2.0.0
2025-03-30 16:49:01,872 [WARN] PackLoader:240 - Cannot read IP mode file for STMicroelectronics.X-CUBE-NFC6.3.1.0
2025-03-30 16:49:01,880 [INFO] WebApp:894 - Register for checkConnection events
2025-03-30 16:49:01,881 [INFO] WebApp:463 - Apply proxy settings
2025-03-30 16:49:01,888 [INFO] WebApp:508 - Chromium authenticates against Manually configured proxy
2025-03-30 16:49:01,891 [INFO] WebApp:516 - Username used for proxy authentication: 
2025-03-30 16:49:01,916 [WARN] PackLoader:240 - Cannot read IP mode file for STMicroelectronics.X-CUBE-DPower.1.2.0
2025-03-30 16:49:01,955 [WARN] PackLoader:240 - Cannot read IP mode file for STMicroelectronics.X-CUBE-FREERTOS.1.3.0
2025-03-30 16:49:02,011 [WARN] PackLoader:240 - Cannot read IP mode file for STMicroelectronics.X-CUBE-NFC7.1.0.1
2025-03-30 16:49:02,051 [WARN] PackLoader:240 - Cannot read IP mode file for STMicroelectronics.X-CUBE-DPower.1.3.0
2025-03-30 16:49:02,210 [WARN] ConditionMgr:438 - getConditionDescription Invalid condition id : LAN8742 Phy interface Condition cause : null
2025-03-30 16:49:02,211 [WARN] PackLoader:240 - Cannot read IP mode file for STMicroelectronics.X-CUBE-AZRTOS-L4.2.0.0
2025-03-30 16:49:02,213 [WARN] ConditionMgr:1044 - genDependencies : Invalid condition id : LAN8742 Phy interface Condition cause : null
2025-03-30 16:49:02,214 [WARN] ConditionMgr:1044 - genDependencies : Invalid condition id : LAN8742 Phy interface Condition cause : null
2025-03-30 16:49:02,214 [WARN] ConditionMgr:1044 - genDependencies : Invalid condition id : LAN8742 Phy interface Condition cause : null
2025-03-30 16:49:02,234 [INFO] WebApp:191 - Connection restablished
2025-03-30 16:49:02,264 [WARN] PackLoader:240 - Cannot read IP mode file for STMicroelectronics.X-CUBE-SFXS2LP1.4.0.0
2025-03-30 16:49:02,347 [WARN] PackLoader:240 - Cannot read IP mode file for STMicroelectronics.X-CUBE-AZRTOS-H7.3.3.0
2025-03-30 16:49:02,472 [INFO] WebApp:225 - Starting web application
2025-03-30 16:49:02,473 [INFO] WebApp:593 - Web application path used C:\ST\STM32CubeIDE_1.18.0\STM32CubeIDE\plugins\com.st.stm32cube.common.mx_6.14.0.202502271554\db\plugins\mcufinder\reactClient1\index.html
2025-03-30 16:49:02,641 [WARN] ConditionMgr:438 - getConditionDescription Invalid condition id : UX DEVICE CLASS RTOS Condition cause : null
2025-03-30 16:49:02,642 [WARN] ConditionMgr:438 - getConditionDescription Invalid condition id : UX DEVICE CLASS RTOS Condition cause : null
2025-03-30 16:49:02,646 [WARN] PackLoader:240 - Cannot read IP mode file for STMicroelectronics.X-CUBE-AZRTOS-WB.2.0.0
2025-03-30 16:49:02,647 [WARN] ConditionMgr:1044 - genDependencies : Invalid condition id : UX DEVICE CLASS RTOS Condition cause : null
2025-03-30 16:49:02,647 [WARN] ConditionMgr:1044 - genDependencies : Invalid condition id : UX DEVICE CLASS RTOS Condition cause : null
2025-03-30 16:49:02,648 [WARN] ConditionMgr:1044 - genDependencies : Invalid condition id : UX DEVICE CLASS RTOS Condition cause : null
2025-03-30 16:49:02,649 [WARN] ConditionMgr:1044 - genDependencies : Invalid condition id : UX DEVICE CLASS RTOS Condition cause : null
2025-03-30 16:49:02,649 [WARN] ConditionMgr:1044 - genDependencies : Invalid condition id : UX DEVICE CLASS RTOS Condition cause : null
2025-03-30 16:49:02,696 [WARN] PackLoader:240 - Cannot read IP mode file for STMicroelectronics.X-CUBE-GNSS1.7.0.1
2025-03-30 16:49:02,743 [WARN] PackLoader:240 - Cannot read IP mode file for STMicroelectronics.X-CUBE-TOUCHGFX.4.25.0
2025-03-30 16:49:02,807 [WARN] PackLoader:240 - Cannot read IP mode file for STMicroelectronics.FP-SNS-STBOX1.2.0.0
2025-03-30 16:49:02,893 [WARN] PackLoader:240 - Cannot read IP mode file for STMicroelectronics.X-CUBE-SUBG2.5.0.0
2025-03-30 16:49:03,017 [WARN] PackLoader:240 - Cannot read IP mode file for STMicroelectronics.X-CUBE-AZRTOS-H7RS.1.1.0
2025-03-30 16:49:03,084 [WARN] PackLoader:240 - Cannot read IP mode file for Cesanta.I-CUBE-Mongoose.7.13.0
2025-03-30 16:49:03,171 [WARN] PackLoader:240 - Cannot read IP mode file for STMicroelectronics.X-CUBE-AZRTOS-G4.2.0.0
2025-03-30 16:49:03,252 [WARN] PackLoader:240 - Cannot read IP mode file for wolfSSL.I-CUBE-wolfSSH.1.4.20
2025-03-30 16:49:03,308 [WARN] PackLoader:240 - Cannot read IP mode file for STMicroelectronics.X-CUBE-IPS.3.1.0
2025-03-30 16:49:03,359 [WARN] PackLoader:240 - Cannot read IP mode file for STMicroelectronics.X-CUBE-ALS.1.0.2
2025-03-30 16:49:03,396 [WARN] PackLoader:240 - Cannot read IP mode file for STMicroelectronics.X-CUBE-TOUCHGFX.4.24.2
2025-03-30 16:49:03,442 [WARN] PackLoader:240 - Cannot read IP mode file for portGmbH.I-Cube-SoM-uGOAL.1.1.0
2025-03-30 16:49:03,546 [WARN] PackLoader:240 - Cannot read IP mode file for STMicroelectronics.X-CUBE-AZRTOS-H7RS.1.0.0
2025-03-30 16:49:03,622 [WARN] PackLoader:240 - Cannot read IP mode file for STMicroelectronics.X-CUBE-TOF1.3.4.2
2025-03-30 16:49:03,645 [INFO] ThirdParty:978 - Integrity check success = true
2025-03-30 16:49:03,645 [INFO] IntegrityCheckThread:100 - exiting critical section [integrity check]
2025-03-30 16:49:03,646 [INFO] IntegrityCheckThread:103 - End integrity checks thread
2025-03-30 16:54:17,270 [ERROR] LogOutputStream:75 - [STDERR_REDIRECT] 
