2025-03-26 21:49:05,425 [INFO] Activator:176 - 


2025-03-26 21:49:05,433 [INFO] Activator:177 - !SESSION log4j initialized
2025-03-26 21:49:13,944 [INFO] LogOutputStream:77 - [STDOUT_REDIRECT] 
2025-03-26 21:49:17,923 [INFO] ApplicationProperties:184 - Using Application install path: C:\ST\STM32CubeIDE_1.18.0\STM32CubeIDE\plugins\com.st.stm32cube.common.mx_6.14.0.202502271554
2025-03-26 21:49:17,943 [INFO] DbMcusXml:78 - Set database path to: C:\ST\STM32CubeIDE_1.18.0\STM32CubeIDE\plugins\com.st.stm32cube.common.mx_6.14.0.202502271554\\db\/mcu/
2025-03-26 21:49:17,943 [INFO] ApiDb:274 - Set plugin database path to: C:\ST\STM32CubeIDE_1.18.0\STM32CubeIDE\plugins\com.st.stm32cube.common.mx_6.14.0.202502271554\\db\/plugins/boardmanager/
2025-03-26 21:49:17,943 [WARN] ApiDb:259 - Overriding images path with different value:  => C:\ST\STM32CubeIDE_1.18.0\STM32CubeIDE\plugins\com.st.stm32cube.common.mx_6.14.0.202502271554\\db\/plugins/mcufinder/images/
2025-03-26 21:49:17,953 [INFO] ApiDb:250 - Set database path to: C:\Users\MSI-Modern\.stmcufinder\plugins\mcufinder//mcu/
2025-03-26 21:49:17,954 [INFO] DbMcusAds:125 - Set database path to: C:\Users\MSI-Modern\.stmcufinder\plugins\mcufinder//mcu/
2025-03-26 21:49:17,956 [INFO] CrossReferenceDbSqlite:203 - Set database path to: C:\Users\MSI-Modern\.stmcufinder\plugins\mcufinder//mcu/cs/
2025-03-26 21:49:18,072 [INFO] RulesReader:64 - Compatibility file has been processed (301 Rules)
2025-03-26 21:49:18,173 [INFO] DbMcusXml:78 - Set database path to: C:\ST\STM32CubeIDE_1.18.0\STM32CubeIDE\plugins\com.st.stm32cube.common.mx_6.14.0.202502271554\\db\/mcu/
2025-03-26 21:49:18,174 [INFO] ApiDb:274 - Set plugin database path to: C:\ST\STM32CubeIDE_1.18.0\STM32CubeIDE\plugins\com.st.stm32cube.common.mx_6.14.0.202502271554\\db\/plugins/boardmanager/
2025-03-26 21:49:18,174 [INFO] ApiDb:261 - Set plugin images path to: C:\ST\STM32CubeIDE_1.18.0\STM32CubeIDE\plugins\com.st.stm32cube.common.mx_6.14.0.202502271554\\db\/plugins/mcufinder/images/
2025-03-26 21:49:18,174 [WARN] DbFile:41 - Overriding database path with different value: C:\Users\MSI-Modern\.stmcufinder\plugins\mcufinder/ => C:\Users\MSI-Modern\.stmcufinder\plugins\mcufinder
2025-03-26 21:49:18,174 [INFO] ApiDb:250 - Set database path to: C:\Users\MSI-Modern\.stmcufinder\plugins\mcufinder//mcu/
2025-03-26 21:49:18,174 [WARN] DbFile:41 - Overriding database path with different value: C:\Users\MSI-Modern\.stmcufinder\plugins\mcufinder/ => C:\Users\MSI-Modern\.stmcufinder\plugins\mcufinder
2025-03-26 21:49:18,174 [INFO] DbMcusAds:125 - Set database path to: C:\Users\MSI-Modern\.stmcufinder\plugins\mcufinder//mcu/
2025-03-26 21:49:18,174 [WARN] DbFile:41 - Overriding database path with different value: C:\Users\MSI-Modern\.stmcufinder\plugins\mcufinder/ => C:\Users\MSI-Modern\.stmcufinder\plugins\mcufinder
2025-03-26 21:49:18,174 [WARN] DbFile:41 - Overriding database path with different value: C:\Users\MSI-Modern\.stmcufinder\plugins\mcufinder/ => C:\Users\MSI-Modern\.stmcufinder\plugins\mcufinder
2025-03-26 21:49:18,175 [INFO] CrossReferenceDbSqlite:203 - Set database path to: C:\Users\MSI-Modern\.stmcufinder\plugins\mcufinder//mcu/cs/
2025-03-26 21:49:18,273 [INFO] MainPanel:272 - HeapMemory: 268435456
2025-03-26 21:49:18,445 [INFO] DbMcusXml:78 - Set database path to: C:\ST\STM32CubeIDE_1.18.0\STM32CubeIDE\plugins\com.st.stm32cube.common.mx_6.14.0.202502271554\\db\/mcu/
2025-03-26 21:49:18,445 [INFO] ApiDb:274 - Set plugin database path to: C:\ST\STM32CubeIDE_1.18.0\STM32CubeIDE\plugins\com.st.stm32cube.common.mx_6.14.0.202502271554\\db\/plugins/boardmanager/
2025-03-26 21:49:18,445 [INFO] ApiDb:261 - Set plugin images path to: C:\ST\STM32CubeIDE_1.18.0\STM32CubeIDE\plugins\com.st.stm32cube.common.mx_6.14.0.202502271554\\db\/plugins/mcufinder/images/
2025-03-26 21:49:18,446 [WARN] DbFile:41 - Overriding database path with different value: C:\Users\MSI-Modern\.stmcufinder\plugins\mcufinder/ => C:\Users\MSI-Modern\.stmcufinder\plugins\mcufinder
2025-03-26 21:49:18,446 [INFO] ApiDb:250 - Set database path to: C:\Users\MSI-Modern\.stmcufinder\plugins\mcufinder//mcu/
2025-03-26 21:49:18,446 [WARN] DbFile:41 - Overriding database path with different value: C:\Users\MSI-Modern\.stmcufinder\plugins\mcufinder/ => C:\Users\MSI-Modern\.stmcufinder\plugins\mcufinder
2025-03-26 21:49:18,446 [INFO] DbMcusAds:125 - Set database path to: C:\Users\MSI-Modern\.stmcufinder\plugins\mcufinder//mcu/
2025-03-26 21:49:18,446 [WARN] DbFile:41 - Overriding database path with different value: C:\Users\MSI-Modern\.stmcufinder\plugins\mcufinder/ => C:\Users\MSI-Modern\.stmcufinder\plugins\mcufinder
2025-03-26 21:49:18,446 [WARN] DbFile:41 - Overriding database path with different value: C:\Users\MSI-Modern\.stmcufinder\plugins\mcufinder/ => C:\Users\MSI-Modern\.stmcufinder\plugins\mcufinder
2025-03-26 21:49:18,446 [INFO] CrossReferenceDbSqlite:203 - Set database path to: C:\Users\MSI-Modern\.stmcufinder\plugins\mcufinder//mcu/cs/
2025-03-26 21:49:18,469 [INFO] ApplicationProperties:184 - Using Application install path: C:\ST\STM32CubeIDE_1.18.0\STM32CubeIDE\plugins\com.st.stm32cube.common.mx_6.14.0.202502271554
2025-03-26 21:49:18,470 [INFO] PluginManage:196 - Search for loadable plugins [exclusion list=, ]
2025-03-26 21:49:18,472 [INFO] PluginManage:310 - Check plugin analytics
2025-03-26 21:49:18,645 [INFO] AnalyticsPlugin:253 - Accepted Software Licenses: 
2025-03-26 21:49:18,645 [INFO] AnalyticsPlugin:255 - Accepted CMSIS Pack Licenses: 
2025-03-26 21:49:18,645 [INFO] AnalyticsPlugin:257 - Accepted Firmware Licenses: 
2025-03-26 21:49:18,648 [INFO] PluginManage:359 - Loaded plugin analytics (category:tool,tabindex:-1)
2025-03-26 21:49:18,648 [INFO] PluginManage:310 - Check plugin cadmodel
2025-03-26 21:49:18,668 [INFO] CADModel:105 - Init CAD model plugin
2025-03-26 21:49:18,668 [INFO] PluginManage:359 - Loaded plugin cadmodel (category:power,tabindex:5)
2025-03-26 21:49:18,669 [INFO] PluginManage:310 - Check plugin clock
2025-03-26 21:49:18,690 [INFO] PluginManage:359 - Loaded plugin clock (category:base,tabindex:2)
2025-03-26 21:49:18,690 [INFO] PluginManage:310 - Check plugin ddr
2025-03-26 21:49:18,693 [INFO] PluginManage:359 - Loaded plugin ddr (category:tool,tabindex:6)
2025-03-26 21:49:18,694 [INFO] PluginManage:310 - Check plugin filemanager
2025-03-26 21:49:18,891 [INFO] PluginManage:359 - Loaded plugin filemanager (category:base,tabindex:10)
2025-03-26 21:49:18,892 [INFO] PluginManage:310 - Check plugin ipmanager
2025-03-26 21:49:18,898 [INFO] PluginManage:359 - Loaded plugin ipmanager (category:base,tabindex:5)
2025-03-26 21:49:18,899 [INFO] PluginManage:310 - Check plugin lpbam
2025-03-26 21:49:18,974 [INFO] PluginManage:359 - Loaded plugin lpbam (category:base,tabindex:0)
2025-03-26 21:49:18,975 [INFO] PluginManage:310 - Check plugin memorymap
2025-03-26 21:49:19,007 [INFO] PluginManage:359 - Loaded plugin memorymap (category:base,tabindex:4)
2025-03-26 21:49:19,007 [INFO] PluginManage:310 - Check plugin pinoutandconfiguration
2025-03-26 21:49:19,028 [INFO] PluginManage:359 - Loaded plugin pinoutandconfiguration (category:base,tabindex:1)
2025-03-26 21:49:19,028 [INFO] PluginManage:310 - Check plugin pinoutconfig
2025-03-26 21:49:19,121 [WARN] SupportedApi:132 - Cannot load RTOS API schema: s4s-elt-must-match.1: The content of 'definitions' must match (annotation?, (simpleType | complexType)?, (unique | key | keyref)*)). A problem was found starting at: attribute.
2025-03-26 21:49:19,258 [INFO] PluginManage:359 - Loaded plugin pinoutconfig (category:base,tabindex:0)
2025-03-26 21:49:19,259 [INFO] PluginManage:310 - Check plugin power
2025-03-26 21:49:19,283 [INFO] PluginManage:359 - Loaded plugin power (category:power,tabindex:4)
2025-03-26 21:49:19,284 [INFO] PluginManage:310 - Check plugin projectmanager
2025-03-26 21:49:19,298 [INFO] PluginManage:359 - Loaded plugin projectmanager (category:projectmanager,tabindex:4)
2025-03-26 21:49:19,298 [INFO] PluginManage:310 - Check plugin rif
2025-03-26 21:49:19,319 [INFO] PluginManage:359 - Loaded plugin rif (category:base,tabindex:3)
2025-03-26 21:49:19,319 [INFO] PluginManage:310 - Check plugin thirdparty
2025-03-26 21:49:19,701 [INFO] PluginManage:359 - Loaded plugin thirdparty (category:base,tabindex:-1)
2025-03-26 21:49:19,701 [WARN] IntegrityCheckThread:84 - waiting for thirdparty lock release [integrity check]
2025-03-26 21:49:19,701 [INFO] PluginManage:310 - Check plugin tools
2025-03-26 21:49:19,701 [INFO] IntegrityCheckThread:86 - entering critical section [integrity check]
2025-03-26 21:49:19,702 [INFO] ThirdPartyUpdaterWithRetryManager:70 - Updater plugin not ready yet. [1/15]
2025-03-26 21:49:20,145 [INFO] PluginManage:359 - Loaded plugin tools (category:base,tabindex:7)
2025-03-26 21:49:20,145 [INFO] PluginManage:310 - Check plugin tutovideos
2025-03-26 21:49:22,703 [INFO] ThirdPartyUpdaterWithRetryManager:70 - Updater plugin not ready yet. [2/15]
2025-03-26 21:49:23,057 [INFO] PluginManage:359 - Loaded plugin tutovideos (category:base,tabindex:-1)
2025-03-26 21:49:23,057 [INFO] PluginManage:310 - Check plugin updater
2025-03-26 21:49:23,080 [INFO] PluginManage:359 - Loaded plugin updater (category:base,tabindex:12)
2025-03-26 21:49:23,080 [INFO] PluginManage:310 - Check plugin userauth
2025-03-26 21:49:23,084 [INFO] UserAuth:118 - Init User Auth plugin
2025-03-26 21:49:23,085 [INFO] PluginManage:359 - Loaded plugin userauth (category:base,tabindex:14)
2025-03-26 21:49:23,085 [INFO] PluginManage:283 - PluginManage : Loaded plugins [18]
2025-03-26 21:49:23,304 [INFO] PinOutPanel:1589 - setPackage(No Configuration,No Configuration)
2025-03-26 21:49:23,412 [INFO] CADModel:165 - CPN selected for project level
2025-03-26 21:49:23,412 [INFO] CADModel:114 - Register for checkConnection events
2025-03-26 21:49:23,463 [INFO] IPUIPlugin:80 - create IPUIPlugin
2025-03-26 21:49:23,463 [INFO] PluginManager:220 - loadIPPluginJar : add adc
2025-03-26 21:49:23,538 [INFO] IPUIPlugin:80 - create IPUIPlugin
2025-03-26 21:49:23,538 [INFO] PluginManager:220 - loadIPPluginJar : add aes
2025-03-26 21:49:23,615 [INFO] IPUIPlugin:80 - create IPUIPlugin
2025-03-26 21:49:23,615 [INFO] PluginManager:220 - loadIPPluginJar : add can
2025-03-26 21:49:23,671 [INFO] IPUIPlugin:80 - create IPUIPlugin
2025-03-26 21:49:23,672 [INFO] PluginManager:220 - loadIPPluginJar : add comp
2025-03-26 21:49:23,726 [INFO] IPUIPlugin:80 - create IPUIPlugin
2025-03-26 21:49:23,727 [INFO] PluginManager:220 - loadIPPluginJar : add cryp
2025-03-26 21:49:23,747 [INFO] IPUIPlugin:80 - create IPUIPlugin
2025-03-26 21:49:23,747 [INFO] PluginManager:220 - loadIPPluginJar : add ddr_ctrl_phy
2025-03-26 21:49:23,795 [INFO] IPUIPlugin:80 - create IPUIPlugin
2025-03-26 21:49:23,795 [INFO] PluginManager:220 - loadIPPluginJar : add dfsdm
2025-03-26 21:49:23,813 [INFO] IPUIPlugin:80 - create IPUIPlugin
2025-03-26 21:49:23,814 [INFO] PluginManager:220 - loadIPPluginJar : add dma
2025-03-26 21:49:23,869 [INFO] IPUIPlugin:80 - create IPUIPlugin
2025-03-26 21:49:23,869 [INFO] PluginManager:220 - loadIPPluginJar : add dma3
2025-03-26 21:49:23,922 [INFO] IPUIPlugin:80 - create IPUIPlugin
2025-03-26 21:49:23,922 [INFO] PluginManager:220 - loadIPPluginJar : add extmemmanager
2025-03-26 21:49:23,949 [INFO] IPUIPlugin:80 - create IPUIPlugin
2025-03-26 21:49:23,949 [INFO] PluginManager:220 - loadIPPluginJar : add fatfs
2025-03-26 21:49:24,006 [INFO] IPUIPlugin:80 - create IPUIPlugin
2025-03-26 21:49:24,007 [INFO] PluginManager:220 - loadIPPluginJar : add fmc
2025-03-26 21:49:24,027 [INFO] IPUIPlugin:80 - create IPUIPlugin
2025-03-26 21:49:24,027 [INFO] PluginManager:220 - loadIPPluginJar : add freertos
2025-03-26 21:49:24,053 [INFO] IPUIPlugin:80 - create IPUIPlugin
2025-03-26 21:49:24,053 [INFO] PluginManager:220 - loadIPPluginJar : add genericplugin
2025-03-26 21:49:24,176 [INFO] IPUIPlugin:80 - create IPUIPlugin
2025-03-26 21:49:24,176 [INFO] PluginManager:220 - loadIPPluginJar : add gfxmmu
2025-03-26 21:49:24,353 [INFO] IPUIPlugin:80 - create IPUIPlugin
2025-03-26 21:49:24,353 [INFO] PluginManager:220 - loadIPPluginJar : add gic
2025-03-26 21:49:24,368 [INFO] IPUIPlugin:80 - create IPUIPlugin
2025-03-26 21:49:24,368 [INFO] PluginManager:220 - loadIPPluginJar : add gpio
2025-03-26 21:49:24,484 [INFO] IPUIPlugin:80 - create IPUIPlugin
2025-03-26 21:49:24,484 [INFO] PluginManager:220 - loadIPPluginJar : add gtzc
2025-03-26 21:49:24,522 [INFO] IPUIPlugin:80 - create IPUIPlugin
2025-03-26 21:49:24,523 [INFO] PluginManager:220 - loadIPPluginJar : add hash
2025-03-26 21:49:24,584 [INFO] IPUIPlugin:80 - create IPUIPlugin
2025-03-26 21:49:24,584 [INFO] PluginManager:220 - loadIPPluginJar : add i2c
2025-03-26 21:49:24,650 [INFO] IPUIPlugin:80 - create IPUIPlugin
2025-03-26 21:49:24,650 [INFO] PluginManager:220 - loadIPPluginJar : add i2s
2025-03-26 21:49:24,715 [INFO] IPUIPlugin:80 - create IPUIPlugin
2025-03-26 21:49:24,715 [INFO] PluginManager:220 - loadIPPluginJar : add i3c
2025-03-26 21:49:24,887 [INFO] IPUIPlugin:80 - create IPUIPlugin
2025-03-26 21:49:24,888 [INFO] PluginManager:220 - loadIPPluginJar : add ipddr
2025-03-26 21:49:25,157 [INFO] IPUIPlugin:80 - create IPUIPlugin
2025-03-26 21:49:25,157 [INFO] PluginManager:220 - loadIPPluginJar : add linkedlist
2025-03-26 21:49:25,204 [INFO] IPUIPlugin:80 - create IPUIPlugin
2025-03-26 21:49:25,204 [INFO] PluginManager:220 - loadIPPluginJar : add lorawan
2025-03-26 21:49:25,248 [INFO] IPUIPlugin:80 - create IPUIPlugin
2025-03-26 21:49:25,249 [INFO] PluginManager:220 - loadIPPluginJar : add ltdc
2025-03-26 21:49:25,266 [INFO] IPUIPlugin:80 - create IPUIPlugin
2025-03-26 21:49:25,266 [INFO] PluginManager:220 - loadIPPluginJar : add mdma
2025-03-26 21:49:25,283 [INFO] IPUIPlugin:80 - create IPUIPlugin
2025-03-26 21:49:25,283 [INFO] PluginManager:220 - loadIPPluginJar : add nvic
2025-03-26 21:49:25,332 [INFO] IPUIPlugin:80 - create IPUIPlugin
2025-03-26 21:49:25,332 [INFO] PluginManager:220 - loadIPPluginJar : add opamp
2025-03-26 21:49:25,412 [INFO] IPUIPlugin:80 - create IPUIPlugin
2025-03-26 21:49:25,412 [INFO] PluginManager:220 - loadIPPluginJar : add openamp
2025-03-26 21:49:25,462 [INFO] IPUIPlugin:80 - create IPUIPlugin
2025-03-26 21:49:25,462 [INFO] PluginManager:220 - loadIPPluginJar : add pdm2pcm
2025-03-26 21:49:25,482 [INFO] IPUIPlugin:80 - create IPUIPlugin
2025-03-26 21:49:25,488 [INFO] PluginManager:220 - loadIPPluginJar : add plateformsettings
2025-03-26 21:49:25,525 [INFO] IPUIPlugin:80 - create IPUIPlugin
2025-03-26 21:49:25,525 [INFO] PluginManager:220 - loadIPPluginJar : add quadspi
2025-03-26 21:49:25,559 [INFO] IPUIPlugin:80 - create IPUIPlugin
2025-03-26 21:49:25,560 [INFO] PluginManager:220 - loadIPPluginJar : add radio
2025-03-26 21:49:25,576 [INFO] IPUIPlugin:80 - create IPUIPlugin
2025-03-26 21:49:25,576 [INFO] PluginManager:220 - loadIPPluginJar : add resmgrutility
2025-03-26 21:49:25,636 [INFO] IPUIPlugin:80 - create IPUIPlugin
2025-03-26 21:49:25,636 [INFO] PluginManager:220 - loadIPPluginJar : add sai
2025-03-26 21:49:25,683 [INFO] IPUIPlugin:80 - create IPUIPlugin
2025-03-26 21:49:25,683 [INFO] PluginManager:220 - loadIPPluginJar : add spi
2025-03-26 21:49:25,704 [INFO] ThirdPartyUpdaterWithRetryManager:70 - Updater plugin not ready yet. [3/15]
2025-03-26 21:49:25,782 [INFO] IPUIPlugin:80 - create IPUIPlugin
2025-03-26 21:49:25,783 [INFO] PluginManager:220 - loadIPPluginJar : add stm32_wpan
2025-03-26 21:49:25,815 [INFO] IPUIPlugin:80 - create IPUIPlugin
2025-03-26 21:49:25,815 [INFO] PluginManager:220 - loadIPPluginJar : add tim
2025-03-26 21:49:25,901 [INFO] IPUIPlugin:80 - create IPUIPlugin
2025-03-26 21:49:25,901 [INFO] PluginManager:220 - loadIPPluginJar : add touchsensing
2025-03-26 21:49:25,933 [INFO] IPUIPlugin:80 - create IPUIPlugin
2025-03-26 21:49:25,933 [INFO] PluginManager:220 - loadIPPluginJar : add tracer_emb
2025-03-26 21:49:25,962 [INFO] IPUIPlugin:80 - create IPUIPlugin
2025-03-26 21:49:25,963 [INFO] PluginManager:220 - loadIPPluginJar : add ts
2025-03-26 21:49:25,990 [INFO] IPUIPlugin:80 - create IPUIPlugin
2025-03-26 21:49:25,990 [INFO] PluginManager:220 - loadIPPluginJar : add tsc
2025-03-26 21:49:26,017 [INFO] IPUIPlugin:80 - create IPUIPlugin
2025-03-26 21:49:26,018 [INFO] PluginManager:220 - loadIPPluginJar : add ucpd
2025-03-26 21:49:26,085 [INFO] IPUIPlugin:80 - create IPUIPlugin
2025-03-26 21:49:26,086 [INFO] PluginManager:220 - loadIPPluginJar : add usart
2025-03-26 21:49:26,162 [INFO] IPUIPlugin:80 - create IPUIPlugin
2025-03-26 21:49:26,162 [INFO] PluginManager:220 - loadIPPluginJar : add usbx
2025-03-26 21:49:26,305 [FATAL] Updater:351 - Updater called before beeing initialized
2025-03-26 21:49:26,328 [INFO] RulesReader:64 - Compatibility file has been processed (301 Rules)
2025-03-26 21:49:26,345 [INFO] RulesReader:64 - Compatibility file has been processed (301 Rules)
2025-03-26 21:49:26,354 [INFO] CADModel:165 - CPN selected for project level
2025-03-26 21:49:26,355 [INFO] CADModel:114 - Register for checkConnection events
2025-03-26 21:49:26,355 [FATAL] Updater:351 - Updater called before beeing initialized
2025-03-26 21:49:26,355 [ERROR] CADModel:125 - Updater not yet initialized, retry later 
2025-03-26 21:49:26,529 [FATAL] Updater:351 - Updater called before beeing initialized
2025-03-26 21:49:26,532 [INFO] CADModel:165 - CPN selected for project level
2025-03-26 21:49:26,532 [INFO] CADModel:114 - Register for checkConnection events
2025-03-26 21:49:26,532 [FATAL] Updater:351 - Updater called before beeing initialized
2025-03-26 21:49:26,532 [ERROR] CADModel:125 - Updater not yet initialized, retry later 
2025-03-26 21:49:26,535 [FATAL] Updater:351 - Updater called before beeing initialized
2025-03-26 21:49:26,640 [FATAL] Updater:351 - Updater called before beeing initialized
2025-03-26 21:49:26,655 [INFO] DbMcusAds:53 - JSON generation date=Thu Mar 06 21:54:21 ICT 2025 (1741272861825)
2025-03-26 21:49:26,656 [FATAL] Updater:351 - Updater called before beeing initialized
2025-03-26 21:49:26,701 [WARN] DetailPanel:346 - Failed to get advertising image, set to default
2025-03-26 21:49:26,962 [FATAL] Updater:351 - Updater called before beeing initialized
2025-03-26 21:49:26,964 [FATAL] Updater:351 - Updater called before beeing initialized
2025-03-26 21:49:26,965 [FATAL] Updater:351 - Updater called before beeing initialized
2025-03-26 21:49:26,965 [WARN] DetailPanel:346 - Failed to get advertising image, set to default
2025-03-26 21:49:26,965 [FATAL] Updater:351 - Updater called before beeing initialized
2025-03-26 21:49:27,032 [ERROR] Updater:1198 - MainUpdater not yet initialized. External WinMGr cannot be set.
2025-03-26 21:49:27,045 [INFO] Updater:1134 - Updater Version found : 6.14.0
2025-03-26 21:49:27,071 [INFO] ApplicationProperties:184 - Using Application install path: C:\ST\STM32CubeIDE_1.18.0\STM32CubeIDE\plugins\com.st.stm32cube.common.mx_6.14.0.202502271554
2025-03-26 21:49:28,527 [INFO] MainUpdater:2872 - connection check result : 10
2025-03-26 21:49:28,527 [INFO] MainUpdater:289 - Updater Check For Update Now.
2025-03-26 21:49:28,528 [INFO] MicroXplorer:498 - Change Database Version : DB.6.0.140
2025-03-26 21:49:28,550 [INFO] McuFinderGlobals:63 - Set McuFinder mode to 2 (CubeIDE integrated)
2025-03-26 21:49:28,551 [INFO] UserAuth:171 - activating auth plugin
2025-03-26 21:49:28,554 [INFO] UserAuth:486 - Internet connection configuration mode: 1
2025-03-26 21:49:28,603 [INFO] JxBrowserEngine:152 - Initiate JxBrowser Engine with user profile folder
2025-03-26 21:49:28,705 [WARN] MainUpdater:1193 - Updater busy. Cannot search thirdparties
2025-03-26 21:49:28,705 [INFO] ThirdPartyUpdaterWithRetryManager:96 - Updater plugin is busy. [1/15]
2025-03-26 21:49:28,791 [INFO] CheckServerUpdateThread:120 - End of CheckServer Thread
2025-03-26 21:49:30,307 [INFO] WebApp:169 - Instantiating new browser for Auth
2025-03-26 21:49:31,311 [INFO] WebApp:463 - Apply proxy settings
2025-03-26 21:49:31,316 [INFO] WebApp:508 - Chromium authenticates against Manually configured proxy
2025-03-26 21:49:31,330 [INFO] WebApp:516 - Username used for proxy authentication: 
2025-03-26 21:49:31,383 [INFO] WebApp:894 - Register for checkConnection events
2025-03-26 21:49:31,384 [INFO] WebApp:463 - Apply proxy settings
2025-03-26 21:49:31,387 [INFO] WebApp:508 - Chromium authenticates against Manually configured proxy
2025-03-26 21:49:31,388 [INFO] WebApp:516 - Username used for proxy authentication: 
2025-03-26 21:49:31,606 [INFO] WebApp:225 - Starting web application
2025-03-26 21:49:31,606 [INFO] WebApp:593 - Web application path used C:\ST\STM32CubeIDE_1.18.0\STM32CubeIDE\plugins\com.st.stm32cube.common.mx_6.14.0.202502271554\db\plugins\mcufinder\reactClient1\index.html
2025-03-26 21:49:31,788 [INFO] WebApp:191 - Connection restablished
2025-03-26 21:49:32,075 [WARN] PackLoader:240 - Cannot read IP mode file for STMicroelectronics.FP-SNS-MOTENVWB1.1.4.0
2025-03-26 21:49:32,092 [WARN] PackLoader:240 - Cannot read IP mode file for STMicroelectronics.FP-ATR-ASTRA1.2.0.2
2025-03-26 21:49:32,122 [WARN] PackLoader:240 - Cannot read IP mode file for STMicroelectronics.X-CUBE-SMBUS.2.1.0
2025-03-26 21:49:32,139 [WARN] PackLoader:240 - Cannot read IP mode file for STMicroelectronics.X-CUBE-WB05N.1.1.0
2025-03-26 21:49:32,196 [WARN] PackLoader:240 - Cannot read IP mode file for STMicroelectronics.X-CUBE-AZRTOS-F7.1.1.0
2025-03-26 21:49:32,249 [WARN] PackLoader:240 - Cannot read IP mode file for STMicroelectronics.FP-SNS-FLIGHT1.5.0.2
2025-03-26 21:49:32,344 [WARN] PackLoader:240 - Cannot read IP mode file for Infineon.AIROC-Wi-Fi-Bluetooth-STM32.1.7.0
2025-03-26 21:49:32,459 [WARN] PackLoader:240 - Cannot read IP mode file for STMicroelectronics.X-CUBE-DISPLAY.3.0.0
2025-03-26 21:49:32,510 [WARN] PackLoader:240 - Cannot read IP mode file for STMicroelectronics.X-CUBE-BLE1.7.0.0
2025-03-26 21:49:32,542 [WARN] PackLoader:240 - Cannot read IP mode file for STMicroelectronics.X-CUBE-NFC10.1.0.0
2025-03-26 21:49:32,580 [WARN] PackLoader:240 - Cannot read IP mode file for STMicroelectronics.X-CUBE-BLEMGR.4.0.0
2025-03-26 21:49:32,616 [WARN] PackLoader:240 - Cannot read IP mode file for emotas.I-CUBE-CANOPEN.1.3.0
2025-03-26 21:49:32,641 [WARN] PackLoader:240 - Cannot read IP mode file for STMicroelectronics.X-CUBE-AI.10.0.0
2025-03-26 21:49:32,666 [WARN] PackLoader:240 - Cannot read IP mode file for STMicroelectronics.FP-SNS-SMARTAG2.1.2.0
2025-03-26 21:49:32,688 [WARN] PackLoader:240 - Cannot read IP mode file for STMicroelectronics.FP-SNS-FLIGHT1.5.1.0
2025-03-26 21:49:32,806 [WARN] PackLoader:240 - Cannot read IP mode file for STMicroelectronics.X-CUBE-MEMS1.11.1.0
2025-03-26 21:49:33,131 [INFO] LogOutputStream:77 - [STDOUT_REDIRECT] 1 : Invalid condition id : UX_CORESTACK_Condition cause : null
2025-03-26 21:49:33,132 [INFO] LogOutputStream:77 - [STDOUT_REDIRECT] 1 : Invalid condition id : UX_CORESTACK_Condition cause : null
2025-03-26 21:49:33,134 [INFO] LogOutputStream:77 - [STDOUT_REDIRECT] 1 : Invalid condition id : UX_CORESTACK_Condition cause : null
2025-03-26 21:49:33,135 [INFO] LogOutputStream:77 - [STDOUT_REDIRECT] 1 : Invalid condition id : UX_CORESTACK_Condition cause : null
2025-03-26 21:49:33,137 [INFO] LogOutputStream:77 - [STDOUT_REDIRECT] 1 : Invalid condition id : UX_CORESTACK_Condition cause : null
2025-03-26 21:49:33,141 [WARN] PackLoader:240 - Cannot read IP mode file for STMicroelectronics.X-CUBE-AZRTOS-WL.2.0.0
2025-03-26 21:49:33,171 [WARN] PackLoader:240 - Cannot read IP mode file for STMicroelectronics.FP-SNS-MOTENV1.5.0.0
2025-03-26 21:49:33,201 [WARN] PackLoader:240 - Cannot read IP mode file for WES.I-CUBE-Cesium.1.3.0
2025-03-26 21:49:33,228 [WARN] PackLoader:240 - Cannot read IP mode file for STMicroelectronics.X-CUBE-BLE2.3.3.0
2025-03-26 21:49:33,258 [WARN] PackLoader:240 - Cannot read IP mode file for STMicroelectronics.X-CUBE-NFC9.1.0.0
2025-03-26 21:49:33,287 [WARN] PackLoader:240 - Cannot read IP mode file for STMicroelectronics.X-CUBE-BLE1.7.1.0
2025-03-26 21:49:33,309 [WARN] PackLoader:240 - Cannot read IP mode file for wolfSSL.I-CUBE-wolfMQTT.1.19.2
2025-03-26 21:49:33,354 [WARN] PackLoader:240 - Cannot read IP mode file for STMicroelectronics.X-CUBE-AZRTOS-G0.1.1.0
2025-03-26 21:49:33,384 [WARN] PackLoader:240 - Cannot read IP mode file for STMicroelectronics.X-CUBE-SAFEA1.1.2.2
2025-03-26 21:49:33,409 [WARN] PackLoader:240 - Cannot read IP mode file for STMicroelectronics.X-CUBE-NFC4.3.0.0
2025-03-26 21:49:33,434 [WARN] PackLoader:240 - Cannot read IP mode file for EmbeddedOffice.I-CUBE-FS-RTOS.1.0.1
2025-03-26 21:49:33,457 [WARN] PackLoader:240 - Cannot read IP mode file for wolfSSL.I-CUBE-wolfTPM.3.8.0
2025-03-26 21:49:33,484 [WARN] PackLoader:240 - Cannot read IP mode file for STMicroelectronics.X-CUBE-TCPP.4.2.0
2025-03-26 21:49:33,506 [WARN] PackLoader:240 - Cannot read IP mode file for RealThread.X-CUBE-RT-Thread_Nano.4.1.1
2025-03-26 21:49:33,524 [WARN] PackLoader:240 - Cannot read IP mode file for STMicroelectronics.FP-ATR-SIGFOX1.3.2.0
2025-03-26 21:49:33,541 [WARN] ConditionMgr:438 - getConditionDescription Invalid condition id : Cortex-A Device cause : null
2025-03-26 21:49:33,575 [WARN] ConditionMgr:1044 - genDependencies : Invalid condition id : Cortex-A Device cause : null
2025-03-26 21:49:33,576 [WARN] ConditionMgr:1044 - genDependencies : Invalid condition id : Cortex-A Device cause : null
2025-03-26 21:49:33,576 [WARN] ConditionMgr:1044 - genDependencies : Invalid condition id : Cortex-A Device cause : null
2025-03-26 21:49:33,599 [WARN] PackLoader:240 - Cannot read IP mode file for STMicroelectronics.X-CUBE-EEPRMA1.5.1.0
2025-03-26 21:49:33,621 [WARN] PackLoader:240 - Cannot read IP mode file for wolfSSL.I-CUBE-wolfSSL.5.7.6
2025-03-26 21:49:33,642 [WARN] PackLoader:240 - Cannot read IP mode file for ITTIA_DB.I-CUBE-ITTIADB.8.9.0
2025-03-26 21:49:33,677 [WARN] PackLoader:240 - Cannot read IP mode file for SEGGER.I-CUBE-embOS.1.3.1
2025-03-26 21:49:33,736 [WARN] PackLoader:240 - Cannot read IP mode file for STMicroelectronics.X-CUBE-ALGOBUILD.1.4.0
2025-03-26 21:49:33,779 [WARN] PackLoader:240 - Cannot read IP mode file for STMicroelectronics.X-CUBE-AZRTOS-F4.1.1.0
2025-03-26 21:49:33,800 [WARN] PackLoader:240 - Cannot read IP mode file for STMicroelectronics.X-CUBE-ISPU.2.1.0
2025-03-26 21:49:33,838 [WARN] PackLoader:240 - Cannot read IP mode file for STMicroelectronics.X-CUBE-AZRTOS-L5.2.0.0
2025-03-26 21:49:33,863 [WARN] PackLoader:240 - Cannot read IP mode file for STMicroelectronics.X-CUBE-NFC6.3.1.0
2025-03-26 21:49:33,887 [WARN] PackLoader:240 - Cannot read IP mode file for STMicroelectronics.X-CUBE-DPower.1.2.0
2025-03-26 21:49:33,907 [WARN] PackLoader:240 - Cannot read IP mode file for STMicroelectronics.X-CUBE-FREERTOS.1.3.0
2025-03-26 21:49:33,928 [WARN] PackLoader:240 - Cannot read IP mode file for STMicroelectronics.X-CUBE-NFC7.1.0.1
2025-03-26 21:49:33,965 [WARN] ConditionMgr:438 - getConditionDescription Invalid condition id : LAN8742 Phy interface Condition cause : null
2025-03-26 21:49:33,966 [WARN] PackLoader:240 - Cannot read IP mode file for STMicroelectronics.X-CUBE-AZRTOS-L4.2.0.0
2025-03-26 21:49:33,967 [WARN] ConditionMgr:1044 - genDependencies : Invalid condition id : LAN8742 Phy interface Condition cause : null
2025-03-26 21:49:33,967 [WARN] ConditionMgr:1044 - genDependencies : Invalid condition id : LAN8742 Phy interface Condition cause : null
2025-03-26 21:49:33,968 [WARN] ConditionMgr:1044 - genDependencies : Invalid condition id : LAN8742 Phy interface Condition cause : null
2025-03-26 21:49:33,993 [WARN] PackLoader:240 - Cannot read IP mode file for STMicroelectronics.X-CUBE-SFXS2LP1.4.0.0
2025-03-26 21:49:34,050 [WARN] PackLoader:240 - Cannot read IP mode file for STMicroelectronics.X-CUBE-AZRTOS-H7.3.3.0
2025-03-26 21:49:34,154 [WARN] ConditionMgr:438 - getConditionDescription Invalid condition id : UX DEVICE CLASS RTOS Condition cause : null
2025-03-26 21:49:34,154 [WARN] ConditionMgr:438 - getConditionDescription Invalid condition id : UX DEVICE CLASS RTOS Condition cause : null
2025-03-26 21:49:34,158 [WARN] PackLoader:240 - Cannot read IP mode file for STMicroelectronics.X-CUBE-AZRTOS-WB.2.0.0
2025-03-26 21:49:34,158 [WARN] ConditionMgr:1044 - genDependencies : Invalid condition id : UX DEVICE CLASS RTOS Condition cause : null
2025-03-26 21:49:34,158 [WARN] ConditionMgr:1044 - genDependencies : Invalid condition id : UX DEVICE CLASS RTOS Condition cause : null
2025-03-26 21:49:34,159 [WARN] ConditionMgr:1044 - genDependencies : Invalid condition id : UX DEVICE CLASS RTOS Condition cause : null
2025-03-26 21:49:34,160 [WARN] ConditionMgr:1044 - genDependencies : Invalid condition id : UX DEVICE CLASS RTOS Condition cause : null
2025-03-26 21:49:34,160 [WARN] ConditionMgr:1044 - genDependencies : Invalid condition id : UX DEVICE CLASS RTOS Condition cause : null
2025-03-26 21:49:34,187 [WARN] PackLoader:240 - Cannot read IP mode file for STMicroelectronics.X-CUBE-GNSS1.7.0.1
2025-03-26 21:49:34,217 [WARN] PackLoader:240 - Cannot read IP mode file for STMicroelectronics.X-CUBE-TOUCHGFX.4.25.0
2025-03-26 21:49:34,242 [WARN] PackLoader:240 - Cannot read IP mode file for STMicroelectronics.FP-SNS-STBOX1.2.0.0
2025-03-26 21:49:34,274 [WARN] PackLoader:240 - Cannot read IP mode file for STMicroelectronics.X-CUBE-SUBG2.5.0.0
2025-03-26 21:49:34,325 [WARN] PackLoader:240 - Cannot read IP mode file for STMicroelectronics.X-CUBE-AZRTOS-H7RS.1.1.0
2025-03-26 21:49:34,352 [WARN] PackLoader:240 - Cannot read IP mode file for Cesanta.I-CUBE-Mongoose.7.13.0
2025-03-26 21:49:34,391 [WARN] PackLoader:240 - Cannot read IP mode file for STMicroelectronics.X-CUBE-AZRTOS-G4.2.0.0
2025-03-26 21:49:34,415 [WARN] PackLoader:240 - Cannot read IP mode file for wolfSSL.I-CUBE-wolfSSH.1.4.20
2025-03-26 21:49:34,445 [WARN] PackLoader:240 - Cannot read IP mode file for STMicroelectronics.X-CUBE-IPS.3.1.0
2025-03-26 21:49:34,472 [WARN] PackLoader:240 - Cannot read IP mode file for STMicroelectronics.X-CUBE-ALS.1.0.2
2025-03-26 21:49:34,497 [WARN] PackLoader:240 - Cannot read IP mode file for STMicroelectronics.X-CUBE-TOUCHGFX.4.24.2
2025-03-26 21:49:34,518 [WARN] PackLoader:240 - Cannot read IP mode file for portGmbH.I-Cube-SoM-uGOAL.1.1.0
2025-03-26 21:49:34,558 [WARN] PackLoader:240 - Cannot read IP mode file for STMicroelectronics.X-CUBE-AZRTOS-H7RS.1.0.0
2025-03-26 21:49:34,584 [WARN] PackLoader:240 - Cannot read IP mode file for STMicroelectronics.X-CUBE-TOF1.3.4.2
2025-03-26 21:49:34,591 [INFO] ThirdParty:978 - Integrity check success = true
2025-03-26 21:49:34,591 [INFO] IntegrityCheckThread:100 - exiting critical section [integrity check]
2025-03-26 21:49:34,591 [INFO] IntegrityCheckThread:103 - End integrity checks thread
2025-03-26 21:57:15,711 [INFO] WebApp:194 - Connection lost
2025-03-26 21:57:15,926 [INFO] WebApp:191 - Connection restablished
2025-03-26 22:12:23,674 [INFO] WebApp:194 - Connection lost
2025-03-26 22:12:23,863 [INFO] WebApp:191 - Connection restablished
2025-03-26 22:27:33,191 [INFO] WebApp:194 - Connection lost
2025-03-26 22:27:33,346 [INFO] WebApp:191 - Connection restablished
2025-03-26 22:42:42,189 [INFO] WebApp:194 - Connection lost
2025-03-26 22:42:42,352 [INFO] WebApp:191 - Connection restablished
2025-03-26 22:57:51,180 [INFO] WebApp:194 - Connection lost
2025-03-26 22:57:51,358 [INFO] WebApp:191 - Connection restablished
2025-03-26 23:12:06,440 [ERROR] LogOutputStream:75 - [STDERR_REDIRECT] 
